Copyright 1986-2018 Xilinx, Inc. All Rights Reserved.
------------------------------------------------------------------------------------------
| Tool Version : Vivado v.2018.3 (win64) Build 2405991 Thu Dec  6 23:38:27 MST 2018
| Date         : Fri May  8 15:43:16 2020
| Host         : Gordoncrew-PC running 64-bit major release  (build 9200)
| Command      : report_control_sets -verbose -file guessing_game_control_sets_placed.rpt
| Design       : guessing_game
| Device       : xc7a35t
------------------------------------------------------------------------------------------

Control Set Information

Table of Contents
-----------------
1. Summary
2. Histogram
3. Flip-Flop Distribution
4. Detailed Control Set Information

1. Summary
----------

+----------------------------------------------------------+-------+
|                          Status                          | Count |
+----------------------------------------------------------+-------+
| Number of unique control sets                            |     6 |
| Unused register locations in slices containing registers |    31 |
+----------------------------------------------------------+-------+


2. Histogram
------------

+--------+--------------+
| Fanout | Control Sets |
+--------+--------------+
|      1 |            1 |
|      2 |            1 |
|      3 |            1 |
|      4 |            1 |
|      6 |            1 |
|    16+ |            1 |
+--------+--------------+


3. Flip-Flop Distribution
-------------------------

+--------------+-----------------------+------------------------+-----------------+--------------+
| Clock Enable | Synchronous Set/Reset | Asynchronous Set/Reset | Total Registers | Total Slices |
+--------------+-----------------------+------------------------+-----------------+--------------+
| No           | No                    | No                     |               9 |            3 |
| No           | No                    | Yes                    |              17 |            4 |
| No           | Yes                   | No                     |               1 |            1 |
| Yes          | No                    | No                     |               0 |            0 |
| Yes          | No                    | Yes                    |               6 |            1 |
| Yes          | Yes                   | No                     |               0 |            0 |
+--------------+-----------------------+------------------------+-----------------+--------------+


4. Detailed Control Set Information
-----------------------------------

+--------------------------+-----------------------------------+------------------+------------------+----------------+
|       Clock Signal       |           Enable Signal           | Set/Reset Signal | Slice Load Count | Bel Load Count |
+--------------------------+-----------------------------------+------------------+------------------+----------------+
|  guess/win               |                                   | guess/lose       |                1 |              1 |
|  guess/win_reg_i_1_n_0   |                                   |                  |                1 |              2 |
|  guess/E[0]              |                                   |                  |                1 |              3 |
|  guess/y_reg[3]_i_1_n_0  |                                   |                  |                1 |              4 |
|  counter1/Q_reg_reg[0]_0 | guess/FSM_onehot_state[5]_i_1_n_0 | btnC_IBUF        |                1 |              6 |
|  clk_IBUF_BUFG           |                                   | btnC_IBUF        |                4 |             17 |
+--------------------------+-----------------------------------+------------------+------------------+----------------+


