#
# A fatal error has been detected by the Java Runtime Environment:
#
#  EXCEPTION_ACCESS_VIOLATION (0xc0000005) at pc=0x00007ffc5acf1a7d, pid=4988, tid=5060
#
# JRE version: Java(TM) SE Runtime Environment (9.0+11) (build 9.0.4+11)
# Java VM: Java HotSpot(TM) 64-Bit Server VM (9.0.4+11, mixed mode, tiered, compressed oops, g1 gc, windows-amd64)
# Problematic frame:
# C  [librdi_filemgmt.dll+0x131a7d]
#
# No core dump will be written. Minidumps are not enabled by default on client versions of Windows
#
# If you would like to submit a bug report, please visit:
#   http://bugreport.java.com/bugreport/crash.jsp
# The crash happened outside the Java Virtual Machine in native code.
# See problematic frame for where to report the bug.
#

---------------  S U M M A R Y ------------

Command Line: -Dsun.java2d.pmoffscreen=false -Dsun.java2d.xrender=false -Dsun.java2d.d3d=false -Dsun.awt.nopixfmt=true -Dsun.java2d.dpiaware=true -Dsun.java2d.uiScale.enabled=false -Xverify:none -Dswing.aatext=true -XX:-UsePerfData -Djdk.map.althashing.threshold=512 -XX:StringTableSize=4072 --add-opens=java.base/java.nio=ALL-UNNAMED --add-opens=java.desktop/sun.swing=ALL-UNNAMED --add-opens=java.desktop/javax.swing=ALL-UNNAMED --add-opens=java.desktop/javax.swing.tree=ALL-UNNAMED --add-opens=java.desktop/javax.swing.plaf.basic=ALL-UNNAMED --add-opens=java.desktop/javax.swing.plaf.synth=ALL-UNNAMED --add-opens=java.desktop/com.sun.awt=ALL-UNNAMED -XX:NewSize=60m -XX:MaxNewSize=60m -Xms128m -Xmx3072m -Xss5m 

Host: AMD Athlon(tm) II X4 620 Processor, 4 cores, 7G,  Windows 10 , 64 bit Build 18362 (10.0.18362.329)
Time: Tue Apr 14 11:47:49 2020 Central Daylight Time elapsed time: 1078 seconds (0d 0h 17m 58s)

---------------  T H R E A D  ---------------

Current thread (0x000001e8ff67a000):  JavaThread "AWT-EventQueue-1" [_thread_in_native, id=5060, stack(0x0000006bb5500000,0x0000006bb5a00000)]

Stack: [0x0000006bb5500000,0x0000006bb5a00000],  sp=0x0000006bb59f8940,  free space=5090k
Native frames: (J=compiled Java code, j=interpreted, Vv=VM code, C=native code)
C  [librdi_filemgmt.dll+0x131a7d]
C  0x000001e8f441823a

Java frames: (J=compiled Java code, j=interpreted, Vv=VM code)
J 12777  ui.data.design.dai.SrcFile_isAvailable(J)Z (0 bytes) @ 0x000001e8f44181a1 [0x000001e8f4418160+0x0000000000000041]
J 13080 c1 ui.data.design.X.pv()Lui/c/d; (105 bytes) @ 0x000001e8ee6159fc [0x000001e8ee615940+0x00000000000000bc]
J 16247 c1 ui.views.cn.bs(Lui/data/bp;)Lui/c/d; (3011 bytes) @ 0x000001e8eecccf1c [0x000001e8eecc4720+0x00000000000087fc]
j  ui.views.cn.a(Lui/data/bp;Z)Ljavax/swing/Icon;+2
j  ui.views.bA.J(Lui/data/bp;)Ljavax/swing/Icon;+6
J 18957 c1 ui.views.cy.getIcon()Ljavax/swing/Icon; (27 bytes) @ 0x000001e8ee15e8cc [0x000001e8ee15e660+0x000000000000026c]
J 18956 c1 ui.utils.o.w.h.getIcon()Ljavax/swing/Icon; (8 bytes) @ 0x000001e8ee05e6c4 [0x000001e8ee05e5c0+0x0000000000000104]
J 17066 c2 javax.swing.plaf.synth.SynthLabelUI.update(Ljava/awt/Graphics;Ljavax/swing/JComponent;)V java.desktop@9.0.4 (37 bytes) @ 0x000001e8f498332c [0x000001e8f4982ec0+0x000000000000046c]
J 12213 c2 javax.swing.JComponent.paintComponent(Ljava/awt/Graphics;)V java.desktop@9.0.4 (44 bytes) @ 0x000001e8f434c938 [0x000001e8f434c8c0+0x0000000000000078]
J 15368 c2 javax.swing.JComponent.paint(Ljava/awt/Graphics;)V java.desktop@9.0.4 (409 bytes) @ 0x000001e8f4741efc [0x000001e8f47417a0+0x000000000000075c]
J 14765 c2 javax.swing.JComponent.paintChildren(Ljava/awt/Graphics;)V java.desktop@9.0.4 (691 bytes) @ 0x000001e8f4665e1c [0x000001e8f46659e0+0x000000000000043c]
J 15368 c2 javax.swing.JComponent.paint(Ljava/awt/Graphics;)V java.desktop@9.0.4 (409 bytes) @ 0x000001e8f4741f28 [0x000001e8f47417a0+0x0000000000000788]
J 14765 c2 javax.swing.JComponent.paintChildren(Ljava/awt/Graphics;)V java.desktop@9.0.4 (691 bytes) @ 0x000001e8f4665e1c [0x000001e8f46659e0+0x000000000000043c]
J 15368 c2 javax.swing.JComponent.paint(Ljava/awt/Graphics;)V java.desktop@9.0.4 (409 bytes) @ 0x000001e8f4741f28 [0x000001e8f47417a0+0x0000000000000788]
J 14765 c2 javax.swing.JComponent.paintChildren(Ljava/awt/Graphics;)V java.desktop@9.0.4 (691 bytes) @ 0x000001e8f4665e1c [0x000001e8f46659e0+0x000000000000043c]
J 15368 c2 javax.swing.JComponent.paint(Ljava/awt/Graphics;)V java.desktop@9.0.4 (409 bytes) @ 0x000001e8f4741f28 [0x000001e8f47417a0+0x0000000000000788]
J 14765 c2 javax.swing.JComponent.paintChildren(Ljava/awt/Graphics;)V java.desktop@9.0.4 (691 bytes) @ 0x000001e8f4665e1c [0x000001e8f46659e0+0x000000000000043c]
J 15368 c2 javax.swing.JComponent.paint(Ljava/awt/Graphics;)V java.desktop@9.0.4 (409 bytes) @ 0x000001e8f4741f28 [0x000001e8f47417a0+0x0000000000000788]
J 14765 c2 javax.swing.JComponent.paintChildren(Ljava/awt/Graphics;)V java.desktop@9.0.4 (691 bytes) @ 0x000001e8f4665e1c [0x000001e8f46659e0+0x000000000000043c]
J 15368 c2 javax.swing.JComponent.paint(Ljava/awt/Graphics;)V java.desktop@9.0.4 (409 bytes) @ 0x000001e8f4741f28 [0x000001e8f47417a0+0x0000000000000788]
J 14765 c2 javax.swing.JComponent.paintChildren(Ljava/awt/Graphics;)V java.desktop@9.0.4 (691 bytes) @ 0x000001e8f4665e1c [0x000001e8f46659e0+0x000000000000043c]
J 15368 c2 javax.swing.JComponent.paint(Ljava/awt/Graphics;)V java.desktop@9.0.4 (409 bytes) @ 0x000001e8f4741f28 [0x000001e8f47417a0+0x0000000000000788]
J 16393 c1 javax.swing.JLayeredPane.paint(Ljava/awt/Graphics;)V java.desktop@9.0.4 (77 bytes) @ 0x000001e8eed2acac [0x000001e8eed2a360+0x000000000000094c]
J 14765 c2 javax.swing.JComponent.paintChildren(Ljava/awt/Graphics;)V java.desktop@9.0.4 (691 bytes) @ 0x000001e8f4665e1c [0x000001e8f46659e0+0x000000000000043c]
J 15368 c2 javax.swing.JComponent.paint(Ljava/awt/Graphics;)V java.desktop@9.0.4 (409 bytes) @ 0x000001e8f4741f28 [0x000001e8f47417a0+0x0000000000000788]
J 14765 c2 javax.swing.JComponent.paintChildren(Ljava/awt/Graphics;)V java.desktop@9.0.4 (691 bytes) @ 0x000001e8f4665e1c [0x000001e8f46659e0+0x000000000000043c]
J 15368 c2 javax.swing.JComponent.paint(Ljava/awt/Graphics;)V java.desktop@9.0.4 (409 bytes) @ 0x000001e8f4741f28 [0x000001e8f47417a0+0x0000000000000788]
J 14765 c2 javax.swing.JComponent.paintChildren(Ljava/awt/Graphics;)V java.desktop@9.0.4 (691 bytes) @ 0x000001e8f4665e1c [0x000001e8f46659e0+0x000000000000043c]
J 15368 c2 javax.swing.JComponent.paint(Ljava/awt/Graphics;)V java.desktop@9.0.4 (409 bytes) @ 0x000001e8f4741f28 [0x000001e8f47417a0+0x0000000000000788]
J 14765 c2 javax.swing.JComponent.paintChildren(Ljava/awt/Graphics;)V java.desktop@9.0.4 (691 bytes) @ 0x000001e8f4665e1c [0x000001e8f46659e0+0x000000000000043c]
J 15368 c2 javax.swing.JComponent.paint(Ljava/awt/Graphics;)V java.desktop@9.0.4 (409 bytes) @ 0x000001e8f4741f28 [0x000001e8f47417a0+0x0000000000000788]
J 14765 c2 javax.swing.JComponent.paintChildren(Ljava/awt/Graphics;)V java.desktop@9.0.4 (691 bytes) @ 0x000001e8f4665e1c [0x000001e8f46659e0+0x000000000000043c]
J 15368 c2 javax.swing.JComponent.paint(Ljava/awt/Graphics;)V java.desktop@9.0.4 (409 bytes) @ 0x000001e8f4741f28 [0x000001e8f47417a0+0x0000000000000788]
J 14765 c2 javax.swing.JComponent.paintChildren(Ljava/awt/Graphics;)V java.desktop@9.0.4 (691 bytes) @ 0x000001e8f4665e1c [0x000001e8f46659e0+0x000000000000043c]
J 15368 c2 javax.swing.JComponent.paint(Ljava/awt/Graphics;)V java.desktop@9.0.4 (409 bytes) @ 0x000001e8f4741f28 [0x000001e8f47417a0+0x0000000000000788]
J 14765 c2 javax.swing.JComponent.paintChildren(Ljava/awt/Graphics;)V java.desktop@9.0.4 (691 bytes) @ 0x000001e8f4665e1c [0x000001e8f46659e0+0x000000000000043c]
J 15368 c2 javax.swing.JComponent.paint(Ljava/awt/Graphics;)V java.desktop@9.0.4 (409 bytes) @ 0x000001e8f4741f28 [0x000001e8f47417a0+0x0000000000000788]
J 14765 c2 javax.swing.JComponent.paintChildren(Ljava/awt/Graphics;)V java.desktop@9.0.4 (691 bytes) @ 0x000001e8f4665e1c [0x000001e8f46659e0+0x000000000000043c]
J 15368 c2 javax.swing.JComponent.paint(Ljava/awt/Graphics;)V java.desktop@9.0.4 (409 bytes) @ 0x000001e8f4741f28 [0x000001e8f47417a0+0x0000000000000788]
J 14765 c2 javax.swing.JComponent.paintChildren(Ljava/awt/Graphics;)V java.desktop@9.0.4 (691 bytes) @ 0x000001e8f4665e1c [0x000001e8f46659e0+0x000000000000043c]
J 15368 c2 javax.swing.JComponent.paint(Ljava/awt/Graphics;)V java.desktop@9.0.4 (409 bytes) @ 0x000001e8f4741f28 [0x000001e8f47417a0+0x0000000000000788]
J 14765 c2 javax.swing.JComponent.paintChildren(Ljava/awt/Graphics;)V java.desktop@9.0.4 (691 bytes) @ 0x000001e8f4665e1c [0x000001e8f46659e0+0x000000000000043c]
J 15368 c2 javax.swing.JComponent.paint(Ljava/awt/Graphics;)V java.desktop@9.0.4 (409 bytes) @ 0x000001e8f4741f28 [0x000001e8f47417a0+0x0000000000000788]
J 14765 c2 javax.swing.JComponent.paintChildren(Ljava/awt/Graphics;)V java.desktop@9.0.4 (691 bytes) @ 0x000001e8f4665e1c [0x000001e8f46659e0+0x000000000000043c]
J 15368 c2 javax.swing.JComponent.paint(Ljava/awt/Graphics;)V java.desktop@9.0.4 (409 bytes) @ 0x000001e8f4741f28 [0x000001e8f47417a0+0x0000000000000788]
J 14765 c2 javax.swing.JComponent.paintChildren(Ljava/awt/Graphics;)V java.desktop@9.0.4 (691 bytes) @ 0x000001e8f4665e1c [0x000001e8f46659e0+0x000000000000043c]
J 15368 c2 javax.swing.JComponent.paint(Ljava/awt/Graphics;)V java.desktop@9.0.4 (409 bytes) @ 0x000001e8f4741f28 [0x000001e8f47417a0+0x0000000000000788]
J 14765 c2 javax.swing.JComponent.paintChildren(Ljava/awt/Graphics;)V java.desktop@9.0.4 (691 bytes) @ 0x000001e8f4665e1c [0x000001e8f46659e0+0x000000000000043c]
J 15368 c2 javax.swing.JComponent.paint(Ljava/awt/Graphics;)V java.desktop@9.0.4 (409 bytes) @ 0x000001e8f4741f28 [0x000001e8f47417a0+0x0000000000000788]
J 14765 c2 javax.swing.JComponent.paintChildren(Ljava/awt/Graphics;)V java.desktop@9.0.4 (691 bytes) @ 0x000001e8f4665e1c [0x000001e8f46659e0+0x000000000000043c]
J 15368 c2 javax.swing.JComponent.paint(Ljava/awt/Graphics;)V java.desktop@9.0.4 (409 bytes) @ 0x000001e8f4741f28 [0x000001e8f47417a0+0x0000000000000788]
J 14765 c2 javax.swing.JComponent.paintChildren(Ljava/awt/Graphics;)V java.desktop@9.0.4 (691 bytes) @ 0x000001e8f4665e1c [0x000001e8f46659e0+0x000000000000043c]
J 15368 c2 javax.swing.JComponent.paint(Ljava/awt/Graphics;)V java.desktop@9.0.4 (409 bytes) @ 0x000001e8f4741f28 [0x000001e8f47417a0+0x0000000000000788]
J 14765 c2 javax.swing.JComponent.paintChildren(Ljava/awt/Graphics;)V java.desktop@9.0.4 (691 bytes) @ 0x000001e8f4665e1c [0x000001e8f46659e0+0x000000000000043c]
J 15368 c2 javax.swing.JComponent.paint(Ljava/awt/Graphics;)V java.desktop@9.0.4 (409 bytes) @ 0x000001e8f4741f28 [0x000001e8f47417a0+0x0000000000000788]
J 14765 c2 javax.swing.JComponent.paintChildren(Ljava/awt/Graphics;)V java.desktop@9.0.4 (691 bytes) @ 0x000001e8f4665e1c [0x000001e8f46659e0+0x000000000000043c]
J 15368 c2 javax.swing.JComponent.paint(Ljava/awt/Graphics;)V java.desktop@9.0.4 (409 bytes) @ 0x000001e8f4741f28 [0x000001e8f47417a0+0x0000000000000788]
J 14765 c2 javax.swing.JComponent.paintChildren(Ljava/awt/Graphics;)V java.desktop@9.0.4 (691 bytes) @ 0x000001e8f4665e1c [0x000001e8f46659e0+0x000000000000043c]
J 15368 c2 javax.swing.JComponent.paint(Ljava/awt/Graphics;)V java.desktop@9.0.4 (409 bytes) @ 0x000001e8f4741f28 [0x000001e8f47417a0+0x0000000000000788]
J 14765 c2 javax.swing.JComponent.paintChildren(Ljava/awt/Graphics;)V java.desktop@9.0.4 (691 bytes) @ 0x000001e8f4665e1c [0x000001e8f46659e0+0x000000000000043c]
J 15368 c2 javax.swing.JComponent.paint(Ljava/awt/Graphics;)V java.desktop@9.0.4 (409 bytes) @ 0x000001e8f4741f28 [0x000001e8f47417a0+0x0000000000000788]
J 14765 c2 javax.swing.JComponent.paintChildren(Ljava/awt/Graphics;)V java.desktop@9.0.4 (691 bytes) @ 0x000001e8f4665e1c [0x000001e8f46659e0+0x000000000000043c]
J 15368 c2 javax.swing.JComponent.paint(Ljava/awt/Graphics;)V java.desktop@9.0.4 (409 bytes) @ 0x000001e8f4741f28 [0x000001e8f47417a0+0x0000000000000788]
J 18224 c2 javax.swing.RepaintManager$PaintManager.paint(Ljavax/swing/JComponent;Ljavax/swing/JComponent;Ljava/awt/Graphics;IIII)Z java.desktop@9.0.4 (201 bytes) @ 0x000001e8f4aee264 [0x000001e8f4aedb40+0x0000000000000724]
J 13754 c2 javax.swing.JComponent._paintImmediately(IIII)V java.desktop@9.0.4 (891 bytes) @ 0x000001e8f456c9c4 [0x000001e8f456bbe0+0x0000000000000de4]
J 18094 c2 javax.swing.JComponent.paintImmediately(IIII)V java.desktop@9.0.4 (155 bytes) @ 0x000001e8f4ac6480 [0x000001e8f4ac6260+0x0000000000000220]
J 18090 c2 javax.swing.RepaintManager$4.run()Ljava/lang/Object; java.desktop@9.0.4 (5 bytes) @ 0x000001e8f4ac5138 [0x000001e8f4ac4f40+0x00000000000001f8]
v  ~StubRoutines::call_stub
J 3470  java.security.AccessController.doPrivileged(Ljava/security/PrivilegedAction;Ljava/security/AccessControlContext;)Ljava/lang/Object; java.base@9.0.4 (0 bytes) @ 0x000001e8f3d00f46 [0x000001e8f3d00ee0+0x0000000000000066]
J 18068 c2 javax.swing.RepaintManager.paintDirtyRegions(Ljava/util/Map;)V java.desktop@9.0.4 (196 bytes) @ 0x000001e8f4aa59ac [0x000001e8f4aa53e0+0x00000000000005cc]
J 18479 c2 javax.swing.RepaintManager$ProcessingRunnable.run()V java.desktop@9.0.4 (41 bytes) @ 0x000001e8f4b48148 [0x000001e8f4b47c40+0x0000000000000508]
J 12592 c2 java.awt.EventQueue$3.run()Ljava/lang/Object; java.desktop@9.0.4 (5 bytes) @ 0x000001e8f43f8524 [0x000001e8f43f8420+0x0000000000000104]
v  ~StubRoutines::call_stub
J 3470  java.security.AccessController.doPrivileged(Ljava/security/PrivilegedAction;Ljava/security/AccessControlContext;)Ljava/lang/Object; java.base@9.0.4 (0 bytes) @ 0x000001e8f3d00f46 [0x000001e8f3d00ee0+0x0000000000000066]
J 12582 c2 ui.frmwork.b.d.dispatchEvent(Ljava/awt/AWTEvent;)V (34 bytes) @ 0x000001e8f43ec6cc [0x000001e8f43ec3a0+0x000000000000032c]
J 16961 c2 java.awt.EventDispatchThread.pumpOneEventForFilters(I)V java.desktop@9.0.4 (218 bytes) @ 0x000001e8f4947d50 [0x000001e8f4947a80+0x00000000000002d0]
J 18527% c1 java.awt.EventDispatchThread.pumpEventsForFilter(ILjava/awt/Conditional;Ljava/awt/EventFilter;)V java.desktop@9.0.4 (47 bytes) @ 0x000001e8ed1acce4 [0x000001e8ed1ac9a0+0x0000000000000344]
j  java.awt.EventDispatchThread.pumpEventsForHierarchy(ILjava/awt/Conditional;Ljava/awt/Component;)V+11 java.desktop@9.0.4
j  java.awt.EventDispatchThread.pumpEvents(ILjava/awt/Conditional;)V+4 java.desktop@9.0.4
j  java.awt.EventDispatchThread.pumpEvents(Ljava/awt/Conditional;)V+3 java.desktop@9.0.4
j  java.awt.EventDispatchThread.run()V+9 java.desktop@9.0.4
v  ~StubRoutines::call_stub

siginfo: EXCEPTION_ACCESS_VIOLATION (0xc0000005), reading address 0x00007ffc00000062


Register to memory mapping:

RIP=0x00007ffc5acf1a7d librdi_filemgmt.dll
RAX=0x00007ffc0000000a is an unknown value
RBX=0x00000000000000b4 is an unknown value
RCX=0x000001e8e4411180 is an unknown value
RDX=0x0000006bb59f8a50 is pointing into the stack for thread: 0x000001e8ff67a000
RSP=0x0000006bb59f8940 is pointing into the stack for thread: 0x000001e8ff67a000
RBP=0x0000006bb59f8a60 is pointing into the stack for thread: 0x000001e8ff67a000
RSI=0x000001e8e4411180 is an unknown value
RDI=0x000001e890f69c70 is pointing into metadata
R8 =0x000001e8e4411180 is an unknown value
R9 =0x0000000703207198 is an oop
java.lang.Object 
{0x0000000703207198} - klass: 'java/lang/Object'
R10=0x00007ffc5acf1a50 librdi_filemgmt.dll
R11=0x00000000000003e0 is an unknown value
R12=0x0000000000000000 is an unknown value
R13=0x0000006bb59f8df0 is pointing into the stack for thread: 0x000001e8ff67a000
R14=0x0000006bb59f8a50 is pointing into the stack for thread: 0x000001e8ff67a000
R15=0x000001e8ff67a000 is a thread


Registers:
RAX=0x00007ffc0000000a, RBX=0x00000000000000b4, RCX=0x000001e8e4411180, RDX=0x0000006bb59f8a50
RSP=0x0000006bb59f8940, RBP=0x0000006bb59f8a60, RSI=0x000001e8e4411180, RDI=0x000001e890f69c70
R8 =0x000001e8e4411180, R9 =0x0000000703207198, R10=0x00007ffc5acf1a50, R11=0x00000000000003e0
R12=0x0000000000000000, R13=0x0000006bb59f8df0, R14=0x0000006bb59f8a50, R15=0x000001e8ff67a000
RIP=0x00007ffc5acf1a7d, EFLAGS=0x0000000000010206

Top of Stack: (sp=0x0000006bb59f8940)
0x0000006bb59f8940:   e02256e9e0224c83 0000000701125f18
0x0000006bb59f8950:   00000007013d1c58 000000070112b748
0x0000006bb59f8960:   000001e8ff67a218 fffffffffffffffe
0x0000006bb59f8970:   000001e8dd230000 0000000701125ec8
0x0000006bb59f8980:   0000001d5feb7c19 000000220000000f
0x0000006bb59f8990:   0000000703202328 000001e8ed491aa4
0x0000006bb59f89a0:   0000000701432380 00000007014323e8
0x0000006bb59f89b0:   00000007013e2270 e06f46fc00000000
0x0000006bb59f89c0:   00000007032019a0 000000070b5e76d8
0x0000006bb59f89d0:   00000007c00c1878 e023414aeb5cc02d
0x0000006bb59f89e0:   0000000703202328 000052f4b098404b
0x0000006bb59f89f0:   00000007011a0a50 000001e8f441823a
0x0000006bb59f8a00:   e0224be300000000 0000000701126468
0x0000006bb59f8a10:   e02256e9e0224c83 0000000701125f18
0x0000006bb59f8a20:   0000000703202328 000001e8f3c75a9c
0x0000006bb59f8a30:   0000000100000000 0000000000000000 

Instructions: (pc=0x00007ffc5acf1a7d)
0x00007ffc5acf1a5d:   ff ff ff 48 8b 05 f9 99 49 00 48 33 c4 48 89 84
0x00007ffc5acf1a6d:   24 a8 00 00 00 48 89 4c 24 20 49 8b 00 49 8b c8
0x00007ffc5acf1a7d:   ff 50 58 90 eb 02 32 c0 48 8b 8c 24 a8 00 00 00
0x00007ffc5acf1a8d:   48 33 cc e8 8b a1 18 00 48 81 c4 b8 00 00 00 c3 



---------------  P R O C E S S  ---------------

Java Threads: ( => current thread )
  0x000001e88b503000 JavaThread "Image Fetcher 3" daemon [_thread_blocked, id=6844, stack(0x0000006bb9800000,0x0000006bb9d00000)]
  0x000001e8e2d86000 JavaThread "Monitor File Timestamp Swing Worker" [_thread_blocked, id=7500, stack(0x0000006bbb100000,0x0000006bbb600000)]
  0x000001e8e2d87800 JavaThread "Timer-2" [_thread_blocked, id=11404, stack(0x0000006bbac00000,0x0000006bbb100000)]
  0x000001e88b508800 JavaThread "Monitor File Timestamp Swing Worker" [_thread_blocked, id=10856, stack(0x0000006bba700000,0x0000006bbac00000)]
  0x000001e88b507800 JavaThread "Timer-1" [_thread_blocked, id=9864, stack(0x0000006bb9d00000,0x0000006bba200000)]
  0x000001e88b506000 JavaThread "Image Animator 3" daemon [_thread_blocked, id=4588, stack(0x0000006bba200000,0x0000006bba700000)]
  0x000001e885af4800 JavaThread "Update Runs Swing Worker" [_thread_blocked, id=7312, stack(0x0000006bb8f00000,0x0000006bb9400000)]
  0x000001e885af9000 JavaThread "Refresh Filesets Swing Worker" [_thread_blocked, id=6036, stack(0x0000006bb8700000,0x0000006bb8c00000)]
  0x000001e88b4ff800 JavaThread "Swing-Shell" daemon [_thread_blocked, id=5572, stack(0x0000006bb8200000,0x0000006bb8700000)]
  0x000001e88b4fa000 JavaThread "SyntheticaAnimation 50" daemon [_thread_blocked, id=3616, stack(0x0000006bb4600000,0x0000006bb4b00000)]
  0x000001e88b4f9800 JavaThread "hw_ila_monitor" [_thread_blocked, id=7900, stack(0x0000006bb7300000,0x0000006bb7800000)]
  0x000001e8e2d85000 JavaThread "SyntheticaAnimation 70" daemon [_thread_blocked, id=11008, stack(0x0000006bb7800000,0x0000006bb7d00000)]
  0x000001e8e2d89800 JavaThread "SyntheticaAnimation 25" daemon [_thread_blocked, id=2340, stack(0x0000006bb6e00000,0x0000006bb7300000)]
  0x000001e8e2d86800 JavaThread "SyntheticaAnimation 50" daemon [_thread_blocked, id=5028, stack(0x0000006bb6900000,0x0000006bb6e00000)]
  0x000001e8e2d8b000 JavaThread "Monitor HEventQueue" [_thread_blocked, id=9124, stack(0x0000006bb5d00000,0x0000006bb6200000)]
  0x000001e8e2d88000 JavaThread "Batik CleanerThread" daemon [_thread_blocked, id=3920, stack(0x0000006bb6400000,0x0000006bb6900000)]
  0x000001e8e2d8a800 JavaThread "SyntheticaCleanerThread" daemon [_thread_blocked, id=7972, stack(0x0000006bb3700000,0x0000006bb3c00000)]
=>0x000001e8ff67a000 JavaThread "AWT-EventQueue-1" [_thread_in_native, id=5060, stack(0x0000006bb5500000,0x0000006bb5a00000)]
  0x000001e8fec26800 JavaThread "AWT-Shutdown" [_thread_blocked, id=3732, stack(0x0000006bb5000000,0x0000006bb5500000)]
  0x000001e8e4aec800 JavaThread "Process Messages" [_thread_blocked, id=9128, stack(0x0000006bb4b00000,0x0000006bb5000000)]
  0x000001e8ff1c2800 JavaThread "Thread-1" [_thread_in_native, id=4556, stack(0x0000006bae800000,0x0000006bafc00000)]
  0x000001e8ff7fd800 JavaThread "TimerQueue" daemon [_thread_blocked, id=10400, stack(0x0000006bb4100000,0x0000006bb4600000)]
  0x000001e8e2f81800 JavaThread "AWT-Windows" daemon [_thread_in_native, id=8832, stack(0x0000006bb3c00000,0x0000006bb4100000)]
  0x000001e8df98b800 JavaThread "Java2D Disposer" daemon [_thread_blocked, id=11508, stack(0x0000006bb3200000,0x0000006bb3700000)]
  0x000001e8e2d24800 JavaThread "Service Thread" daemon [_thread_blocked, id=7468, stack(0x0000006bb2c00000,0x0000006bb3100000)]
  0x000001e8e343c800 JavaThread "Common-Cleaner" daemon [_thread_blocked, id=5116, stack(0x0000006bb2700000,0x0000006bb2c00000)]
  0x000001e8e2d89000 JavaThread "Sweeper thread" daemon [_thread_blocked, id=11392, stack(0x0000006bb2200000,0x0000006bb2700000)]
  0x000001e8dfe28800 JavaThread "C1 CompilerThread2" daemon [_thread_blocked, id=10308, stack(0x0000006bb2100000,0x0000006bb2200000)]
  0x000001e8df73b000 JavaThread "C2 CompilerThread1" daemon [_thread_blocked, id=236, stack(0x0000006bb2000000,0x0000006bb2100000)]
  0x000001e8df73a800 JavaThread "C2 CompilerThread0" daemon [_thread_blocked, id=9436, stack(0x0000006bb1f00000,0x0000006bb2000000)]
  0x000001e8e2dc1000 JavaThread "Attach Listener" daemon [_thread_blocked, id=5676, stack(0x0000006bb1a00000,0x0000006bb1f00000)]
  0x000001e8e2dc0800 JavaThread "Signal Dispatcher" daemon [_thread_blocked, id=1552, stack(0x0000006bb1500000,0x0000006bb1a00000)]
  0x000001e8e4700800 JavaThread "Finalizer" daemon [_thread_blocked, id=11196, stack(0x0000006bb1000000,0x0000006bb1500000)]
  0x000001e8e3308000 JavaThread "Reference Handler" daemon [_thread_blocked, id=2244, stack(0x0000006bb0b00000,0x0000006bb1000000)]
  0x000001e8e36f6000 JavaThread "main" [_thread_blocked, id=200, stack(0x0000006bafe00000,0x0000006baff00000)]

Other Threads:
  0x000001e8df901800 VMThread "VM Thread" [stack: 0x0000006bb0a00000,0x0000006bb0b00000] [id=11512]
  0x000001e8e3345800 WatcherThread [stack: 0x0000006bb3100000,0x0000006bb3200000] [id=5000]
  0x000001e8e36f6800 GCTaskThread "GC Thread#0" [stack: 0x0000006baff00000,0x0000006bb0000000] [id=9604]
  0x000001e8e32e1800 GCTaskThread "GC Thread#1" [stack: 0x0000006bb0000000,0x0000006bb0100000] [id=1480]
  0x000001e8df791000 GCTaskThread "GC Thread#2" [stack: 0x0000006bb0100000,0x0000006bb0200000] [id=1168]
  0x000001e8e1f34800 GCTaskThread "GC Thread#3" [stack: 0x0000006bb0200000,0x0000006bb0300000] [id=3612]
  0x000001e8df803000 ConcurrentGCThread "G1 Main Marker" [stack: 0x0000006bb0800000,0x0000006bb0900000] [id=7560]
  0x000001e8e27c7000 ConcurrentGCThread "G1 Marker#0" [stack: 0x0000006bb0900000,0x0000006bb0a00000] [id=6860]
  0x000001e8e29ad800 ConcurrentGCThread "G1 Refine#0" [stack: 0x0000006bb0600000,0x0000006bb0700000] [id=4984]
  0x000001e8e2422800 ConcurrentGCThread "G1 Refine#1" [stack: 0x0000006bb0500000,0x0000006bb0600000] [id=11304]
  0x000001e8e1f93800 ConcurrentGCThread "G1 Refine#2" [stack: 0x0000006bb0400000,0x0000006bb0500000] [id=8036]
  0x000001e8dfc63800 ConcurrentGCThread "G1 Refine#3" [stack: 0x0000006bb0300000,0x0000006bb0400000] [id=9856]
  0x000001e8e29ae800 ConcurrentGCThread "G1 Young RemSet Sampling" [stack: 0x0000006bb0700000,0x0000006bb0800000] [id=400]

Threads with active compile tasks:

VM state:not at safepoint (normal execution)

VM Mutex/Monitor currently owned by a thread: None

Heap address: 0x0000000700000000, size: 3072 MB, Compressed Oops mode: Zero based, Oop shift amount: 3
Narrow klass base: 0x0000000000000000, Narrow klass shift: 3
Compressed class space size: 1073741824 Address: 0x00000007c0000000

Heap:
 garbage-first heap   total 193536K, used 70031K [0x0000000700000000, 0x00000007001005e8, 0x00000007c0000000)
  region size 1024K, 12 young (12288K), 3 survivors (3072K)
 Metaspace       used 79453K, capacity 85221K, committed 85456K, reserved 1122304K
  class space    used 10970K, capacity 11987K, committed 12032K, reserved 1048576K
Heap Regions: E=young(eden), S=young(survivor), O=old, HS=humongous(starts), HC=humongous(continues), CS=collection set, F=free, A=archive, TS=gc time stamp, AC=allocation context, TAMS=top-at-mark-start (previous, next)
|   0|0x0000000700000000, 0x00000007000f0be8, 0x0000000700100000| 94%| O|  |TS  0|AC  0|TAMS 0x0000000700000000, 0x0000000700000000|
|   1|0x0000000700100000, 0x0000000700200000, 0x0000000700200000|100%|HS|  |TS  0|AC  0|TAMS 0x0000000700100000, 0x0000000700100000|
|   2|0x0000000700200000, 0x0000000700300000, 0x0000000700300000|100%|HC|  |TS  0|AC  0|TAMS 0x0000000700200000, 0x0000000700200000|
|   3|0x0000000700300000, 0x0000000700400000, 0x0000000700400000|100%|HS|  |TS  0|AC  0|TAMS 0x0000000700300000, 0x0000000700300000|
|   4|0x0000000700400000, 0x00000007004ffff8, 0x0000000700500000| 99%| O|  |TS  0|AC  0|TAMS 0x0000000700400000, 0x0000000700400000|
|   5|0x0000000700500000, 0x00000007005ffff8, 0x0000000700600000| 99%| O|  |TS  0|AC  0|TAMS 0x0000000700500000, 0x0000000700500000|
|   6|0x0000000700600000, 0x00000007006fffe8, 0x0000000700700000| 99%| O|  |TS  0|AC  0|TAMS 0x0000000700600000, 0x0000000700600000|
|   7|0x0000000700700000, 0x00000007007fffc8, 0x0000000700800000| 99%| O|  |TS  0|AC  0|TAMS 0x0000000700700000, 0x0000000700700000|
|   8|0x0000000700800000, 0x00000007008c1458, 0x0000000700900000| 75%| O|  |TS  0|AC  0|TAMS 0x0000000700800000, 0x0000000700800000|
|   9|0x0000000700900000, 0x0000000700a00000, 0x0000000700a00000|100%| O|  |TS  0|AC  0|TAMS 0x0000000700900000, 0x0000000700900000|
|  10|0x0000000700a00000, 0x0000000700affec0, 0x0000000700b00000| 99%| O|  |TS  0|AC  0|TAMS 0x0000000700a00000, 0x0000000700a00000|
|  11|0x0000000700b00000, 0x0000000700bfff18, 0x0000000700c00000| 99%| O|  |TS  0|AC  0|TAMS 0x0000000700b00000, 0x0000000700b00000|
|  12|0x0000000700c00000, 0x0000000700cffff8, 0x0000000700d00000| 99%| O|  |TS  0|AC  0|TAMS 0x0000000700c00000, 0x0000000700c00000|
|  13|0x0000000700d00000, 0x0000000700df7e00, 0x0000000700e00000| 96%| O|  |TS  0|AC  0|TAMS 0x0000000700d00000, 0x0000000700d00000|
|  14|0x0000000700e00000, 0x0000000700eeb9e0, 0x0000000700f00000| 92%| O|  |TS  0|AC  0|TAMS 0x0000000700e00000, 0x0000000700e00000|
|  15|0x0000000700f00000, 0x0000000700fe1b50, 0x0000000701000000| 88%| O|  |TS  0|AC  0|TAMS 0x0000000700f00000, 0x0000000700f00000|
|  16|0x0000000701000000, 0x00000007010ffff0, 0x0000000701100000| 99%| O|  |TS  0|AC  0|TAMS 0x0000000701000000, 0x0000000701000000|
|  17|0x0000000701100000, 0x0000000701200000, 0x0000000701200000|100%| O|  |TS  0|AC  0|TAMS 0x0000000701100000, 0x0000000701100000|
|  18|0x0000000701200000, 0x00000007012ffff0, 0x0000000701300000| 99%| O|  |TS  0|AC  0|TAMS 0x0000000701200000, 0x0000000701200000|
|  19|0x0000000701300000, 0x0000000701400000, 0x0000000701400000|100%| O|  |TS  0|AC  0|TAMS 0x0000000701300000, 0x0000000701300000|
|  20|0x0000000701400000, 0x00000007014f5de8, 0x0000000701500000| 96%| O|  |TS  0|AC  0|TAMS 0x0000000701400000, 0x0000000701400000|
|  21|0x0000000701500000, 0x00000007015ffeb0, 0x0000000701600000| 99%| O|  |TS  0|AC  0|TAMS 0x0000000701500000, 0x0000000701500000|
|  22|0x0000000701600000, 0x0000000701700000, 0x0000000701700000|100%| O|  |TS  0|AC  0|TAMS 0x0000000701600000, 0x0000000701600000|
|  23|0x0000000701700000, 0x00000007017fffe8, 0x0000000701800000| 99%| O|  |TS  0|AC  0|TAMS 0x0000000701700000, 0x0000000701700000|
|  24|0x0000000701800000, 0x00000007018fff70, 0x0000000701900000| 99%| O|  |TS  0|AC  0|TAMS 0x0000000701800000, 0x0000000701800000|
|  25|0x0000000701900000, 0x00000007019fffe8, 0x0000000701a00000| 99%| O|  |TS  0|AC  0|TAMS 0x0000000701900000, 0x0000000701900000|
|  26|0x0000000701a00000, 0x0000000701affff0, 0x0000000701b00000| 99%| O|  |TS  0|AC  0|TAMS 0x0000000701a00000, 0x0000000701a00000|
|  27|0x0000000701b00000, 0x0000000701bfffd0, 0x0000000701c00000| 99%| O|  |TS  0|AC  0|TAMS 0x0000000701b00000, 0x0000000701b00000|
|  28|0x0000000701c00000, 0x0000000701d00000, 0x0000000701d00000|100%| O|  |TS  0|AC  0|TAMS 0x0000000701c00000, 0x0000000701c00000|
|  29|0x0000000701d00000, 0x0000000701dfff98, 0x0000000701e00000| 99%| O|  |TS  0|AC  0|TAMS 0x0000000701d00000, 0x0000000701d00000|
|  30|0x0000000701e00000, 0x0000000701efffd0, 0x0000000701f00000| 99%| O|  |TS  0|AC  0|TAMS 0x0000000701e00000, 0x0000000701e00000|
|  31|0x0000000701f00000, 0x0000000701fffff0, 0x0000000702000000| 99%| O|  |TS  0|AC  0|TAMS 0x0000000701f00000, 0x0000000701f00000|
|  32|0x0000000702000000, 0x00000007020fffe0, 0x0000000702100000| 99%| O|  |TS  0|AC  0|TAMS 0x0000000702000000, 0x0000000702000000|
|  33|0x0000000702100000, 0x00000007021ffff0, 0x0000000702200000| 99%| O|  |TS  0|AC  0|TAMS 0x0000000702100000, 0x0000000702100000|
|  34|0x0000000702200000, 0x00000007022ffff8, 0x0000000702300000| 99%| O|  |TS  0|AC  0|TAMS 0x0000000702200000, 0x0000000702200000|
|  35|0x0000000702300000, 0x0000000702400000, 0x0000000702400000|100%| O|  |TS  0|AC  0|TAMS 0x0000000702300000, 0x0000000702300000|
|  36|0x0000000702400000, 0x00000007024fffc0, 0x0000000702500000| 99%| O|  |TS  0|AC  0|TAMS 0x0000000702400000, 0x0000000702400000|
|  37|0x0000000702500000, 0x00000007025fffd0, 0x0000000702600000| 99%| O|  |TS  0|AC  0|TAMS 0x0000000702500000, 0x0000000702500000|
|  38|0x0000000702600000, 0x00000007026ff560, 0x0000000702700000| 99%| O|  |TS  0|AC  0|TAMS 0x0000000702600000, 0x0000000702600000|
|  39|0x0000000702700000, 0x0000000702800000, 0x0000000702800000|100%|HS|  |TS  0|AC  0|TAMS 0x0000000702700000, 0x0000000702700000|
|  40|0x0000000702800000, 0x0000000702900000, 0x0000000702900000|100%|HC|  |TS  0|AC  0|TAMS 0x0000000702800000, 0x0000000702800000|
|  41|0x0000000702900000, 0x0000000702a00000, 0x0000000702a00000|100%|HC|  |TS  0|AC  0|TAMS 0x0000000702900000, 0x0000000702900000|
|  42|0x0000000702a00000, 0x0000000702b00000, 0x0000000702b00000|100%|HC|  |TS  0|AC  0|TAMS 0x0000000702a00000, 0x0000000702a00000|
|  43|0x0000000702b00000, 0x0000000702c00000, 0x0000000702c00000|100%|HC|  |TS  0|AC  0|TAMS 0x0000000702b00000, 0x0000000702b00000|
|  44|0x0000000702c00000, 0x0000000702cffee0, 0x0000000702d00000| 99%| O|  |TS  0|AC  0|TAMS 0x0000000702c00000, 0x0000000702c00000|
|  45|0x0000000702d00000, 0x0000000702e00000, 0x0000000702e00000|100%| O|  |TS  0|AC  0|TAMS 0x0000000702d00000, 0x0000000702d00000|
|  46|0x0000000702e00000, 0x0000000702effff8, 0x0000000702f00000| 99%| O|  |TS  0|AC  0|TAMS 0x0000000702e00000, 0x0000000702e00000|
|  47|0x0000000702f00000, 0x0000000702f61098, 0x0000000703000000| 37%| O|  |TS  0|AC  0|TAMS 0x0000000702f00000, 0x0000000702f00000|
|  48|0x0000000703000000, 0x0000000703100000, 0x0000000703100000|100%| O|  |TS  7|AC  0|TAMS 0x0000000703000000, 0x0000000703000000|
|  49|0x0000000703100000, 0x0000000703200000, 0x0000000703200000|100%| O|  |TS  7|AC  0|TAMS 0x0000000703100000, 0x0000000703100000|
|  50|0x0000000703200000, 0x0000000703300000, 0x0000000703300000|100%| O|  |TS  7|AC  0|TAMS 0x0000000703200000, 0x0000000703200000|
|  51|0x0000000703300000, 0x0000000703400000, 0x0000000703400000|100%| O|  |TS  7|AC  0|TAMS 0x0000000703300000, 0x0000000703300000|
|  52|0x0000000703400000, 0x0000000703500000, 0x0000000703500000|100%| O|  |TS  7|AC  0|TAMS 0x0000000703400000, 0x0000000703400000|
|  53|0x0000000703500000, 0x0000000703600000, 0x0000000703600000|100%| O|  |TS 45|AC  0|TAMS 0x0000000703500000, 0x0000000703500000|
|  54|0x0000000703600000, 0x0000000703700000, 0x0000000703700000|100%| O|  |TS 69|AC  0|TAMS 0x0000000703600000, 0x0000000703600000|
|  55|0x0000000703700000, 0x0000000703800000, 0x0000000703800000|100%| O|  |TS 73|AC  0|TAMS 0x0000000703700000, 0x0000000703700000|
|  56|0x0000000703800000, 0x0000000703900000, 0x0000000703900000|100%| O|  |TS 95|AC  0|TAMS 0x0000000703800000, 0x0000000703800000|
|  57|0x0000000703900000, 0x0000000703a00000, 0x0000000703a00000|100%| O|  |TS103|AC  0|TAMS 0x0000000703900000, 0x0000000703900000|
|  58|0x0000000703a00000, 0x0000000703b00000, 0x0000000703b00000|100%| O|  |TS109|AC  0|TAMS 0x0000000703a00000, 0x0000000703a00000|
|  59|0x0000000703b00000, 0x0000000703b55808, 0x0000000703c00000| 33%| O|  |TS115|AC  0|TAMS 0x0000000703b00000, 0x0000000703b00000|
|  60|0x0000000703c00000, 0x0000000703c00000, 0x0000000703d00000|  0%| F|  |TS  0|AC  0|TAMS 0x0000000703c00000, 0x0000000703c00000|
|  61|0x0000000703d00000, 0x0000000703d00000, 0x0000000703e00000|  0%| F|  |TS  0|AC  0|TAMS 0x0000000703d00000, 0x0000000703d00000|
|  62|0x0000000703e00000, 0x0000000703e00000, 0x0000000703f00000|  0%| F|  |TS  0|AC  0|TAMS 0x0000000703e00000, 0x0000000703e00000|
|  63|0x0000000703f00000, 0x0000000703f00000, 0x0000000704000000|  0%| F|  |TS  0|AC  0|TAMS 0x0000000703f00000, 0x0000000703f00000|
|  64|0x0000000704000000, 0x0000000704000000, 0x0000000704100000|  0%| F|  |TS  0|AC  0|TAMS 0x0000000704000000, 0x0000000704000000|
|  65|0x0000000704100000, 0x0000000704100000, 0x0000000704200000|  0%| F|  |TS  0|AC  0|TAMS 0x0000000704100000, 0x0000000704100000|
|  66|0x0000000704200000, 0x0000000704200000, 0x0000000704300000|  0%| F|  |TS  0|AC  0|TAMS 0x0000000704200000, 0x0000000704200000|
|  67|0x0000000704300000, 0x0000000704300000, 0x0000000704400000|  0%| F|  |TS  0|AC  0|TAMS 0x0000000704300000, 0x0000000704300000|
|  68|0x0000000704400000, 0x0000000704400000, 0x0000000704500000|  0%| F|  |TS  0|AC  0|TAMS 0x0000000704400000, 0x0000000704400000|
|  69|0x0000000704500000, 0x0000000704500000, 0x0000000704600000|  0%| F|  |TS  0|AC  0|TAMS 0x0000000704500000, 0x0000000704500000|
|  70|0x0000000704600000, 0x0000000704600000, 0x0000000704700000|  0%| F|  |TS  0|AC  0|TAMS 0x0000000704600000, 0x0000000704600000|
|  71|0x0000000704700000, 0x0000000704700000, 0x0000000704800000|  0%| F|  |TS  0|AC  0|TAMS 0x0000000704700000, 0x0000000704700000|
|  72|0x0000000704800000, 0x0000000704800000, 0x0000000704900000|  0%| F|  |TS  0|AC  0|TAMS 0x0000000704800000, 0x0000000704800000|
|  73|0x0000000704900000, 0x0000000704900000, 0x0000000704a00000|  0%| F|  |TS  0|AC  0|TAMS 0x0000000704900000, 0x0000000704900000|
|  74|0x0000000704a00000, 0x0000000704a00000, 0x0000000704b00000|  0%| F|  |TS  0|AC  0|TAMS 0x0000000704a00000, 0x0000000704a00000|
|  75|0x0000000704b00000, 0x0000000704b00000, 0x0000000704c00000|  0%| F|  |TS  0|AC  0|TAMS 0x0000000704b00000, 0x0000000704b00000|
|  76|0x0000000704c00000, 0x0000000704c00000, 0x0000000704d00000|  0%| F|  |TS  0|AC  0|TAMS 0x0000000704c00000, 0x0000000704c00000|
|  77|0x0000000704d00000, 0x0000000704d00000, 0x0000000704e00000|  0%| F|  |TS  0|AC  0|TAMS 0x0000000704d00000, 0x0000000704d00000|
|  78|0x0000000704e00000, 0x0000000704e00000, 0x0000000704f00000|  0%| F|  |TS  0|AC  0|TAMS 0x0000000704e00000, 0x0000000704e00000|
|  79|0x0000000704f00000, 0x0000000704f00000, 0x0000000705000000|  0%| F|  |TS  0|AC  0|TAMS 0x0000000704f00000, 0x0000000704f00000|
|  80|0x0000000705000000, 0x0000000705000000, 0x0000000705100000|  0%| F|  |TS  0|AC  0|TAMS 0x0000000705000000, 0x0000000705000000|
|  81|0x0000000705100000, 0x0000000705100000, 0x0000000705200000|  0%| F|  |TS  0|AC  0|TAMS 0x0000000705100000, 0x0000000705100000|
|  82|0x0000000705200000, 0x0000000705200000, 0x0000000705300000|  0%| F|  |TS  0|AC  0|TAMS 0x0000000705200000, 0x0000000705200000|
|  83|0x0000000705300000, 0x0000000705300000, 0x0000000705400000|  0%| F|  |TS  0|AC  0|TAMS 0x0000000705300000, 0x0000000705300000|
|  84|0x0000000705400000, 0x0000000705400000, 0x0000000705500000|  0%| F|  |TS  0|AC  0|TAMS 0x0000000705400000, 0x0000000705400000|
|  85|0x0000000705500000, 0x0000000705500000, 0x0000000705600000|  0%| F|  |TS  0|AC  0|TAMS 0x0000000705500000, 0x0000000705500000|
|  86|0x0000000705600000, 0x0000000705600000, 0x0000000705700000|  0%| F|  |TS  0|AC  0|TAMS 0x0000000705600000, 0x0000000705600000|
|  87|0x0000000705700000, 0x0000000705700000, 0x0000000705800000|  0%| F|  |TS  0|AC  0|TAMS 0x0000000705700000, 0x0000000705700000|
|  88|0x0000000705800000, 0x0000000705800000, 0x0000000705900000|  0%| F|  |TS  0|AC  0|TAMS 0x0000000705800000, 0x0000000705800000|
|  89|0x0000000705900000, 0x0000000705900000, 0x0000000705a00000|  0%| F|  |TS  0|AC  0|TAMS 0x0000000705900000, 0x0000000705900000|
|  90|0x0000000705a00000, 0x0000000705a00000, 0x0000000705b00000|  0%| F|  |TS  0|AC  0|TAMS 0x0000000705a00000, 0x0000000705a00000|
|  91|0x0000000705b00000, 0x0000000705b00000, 0x0000000705c00000|  0%| F|  |TS  7|AC  0|TAMS 0x0000000705b00000, 0x0000000705b00000|
|  92|0x0000000705c00000, 0x0000000705c00000, 0x0000000705d00000|  0%| F|  |TS  7|AC  0|TAMS 0x0000000705c00000, 0x0000000705c00000|
|  93|0x0000000705d00000, 0x0000000705d00000, 0x0000000705e00000|  0%| F|  |TS  7|AC  0|TAMS 0x0000000705d00000, 0x0000000705d00000|
|  94|0x0000000705e00000, 0x0000000705e00000, 0x0000000705f00000|  0%| F|  |TS  7|AC  0|TAMS 0x0000000705e00000, 0x0000000705e00000|
|  95|0x0000000705f00000, 0x0000000705f00000, 0x0000000706000000|  0%| F|  |TS 31|AC  0|TAMS 0x0000000705f00000, 0x0000000705f00000|
|  96|0x0000000706000000, 0x0000000706000000, 0x0000000706100000|  0%| F|  |TS 31|AC  0|TAMS 0x0000000706000000, 0x0000000706000000|
|  97|0x0000000706100000, 0x0000000706100000, 0x0000000706200000|  0%| F|  |TS 33|AC  0|TAMS 0x0000000706100000, 0x0000000706100000|
|  98|0x0000000706200000, 0x0000000706200000, 0x0000000706300000|  0%| F|  |TS 33|AC  0|TAMS 0x0000000706200000, 0x0000000706200000|
|  99|0x0000000706300000, 0x0000000706300000, 0x0000000706400000|  0%| F|  |TS 31|AC  0|TAMS 0x0000000706300000, 0x0000000706300000|
| 100|0x0000000706400000, 0x0000000706400000, 0x0000000706500000|  0%| F|  |TS 31|AC  0|TAMS 0x0000000706400000, 0x0000000706400000|
| 101|0x0000000706500000, 0x0000000706500000, 0x0000000706600000|  0%| F|  |TS 31|AC  0|TAMS 0x0000000706500000, 0x0000000706500000|
| 102|0x0000000706600000, 0x0000000706600000, 0x0000000706700000|  0%| F|  |TS 31|AC  0|TAMS 0x0000000706600000, 0x0000000706600000|
| 103|0x0000000706700000, 0x0000000706700000, 0x0000000706800000|  0%| F|  |TS 31|AC  0|TAMS 0x0000000706700000, 0x0000000706700000|
| 104|0x0000000706800000, 0x0000000706800000, 0x0000000706900000|  0%| F|  |TS 31|AC  0|TAMS 0x0000000706800000, 0x0000000706800000|
| 105|0x0000000706900000, 0x0000000706900000, 0x0000000706a00000|  0%| F|  |TS 31|AC  0|TAMS 0x0000000706900000, 0x0000000706900000|
| 106|0x0000000706a00000, 0x0000000706a00000, 0x0000000706b00000|  0%| F|  |TS 31|AC  0|TAMS 0x0000000706a00000, 0x0000000706a00000|
| 107|0x0000000706b00000, 0x0000000706b00000, 0x0000000706c00000|  0%| F|  |TS 31|AC  0|TAMS 0x0000000706b00000, 0x0000000706b00000|
| 108|0x0000000706c00000, 0x0000000706c00000, 0x0000000706d00000|  0%| F|  |TS 31|AC  0|TAMS 0x0000000706c00000, 0x0000000706c00000|
| 109|0x0000000706d00000, 0x0000000706d00000, 0x0000000706e00000|  0%| F|  |TS 31|AC  0|TAMS 0x0000000706d00000, 0x0000000706d00000|
| 110|0x0000000706e00000, 0x0000000706e00000, 0x0000000706f00000|  0%| F|  |TS 31|AC  0|TAMS 0x0000000706e00000, 0x0000000706e00000|
| 111|0x0000000706f00000, 0x0000000706f00000, 0x0000000707000000|  0%| F|  |TS 31|AC  0|TAMS 0x0000000706f00000, 0x0000000706f00000|
| 112|0x0000000707000000, 0x0000000707000000, 0x0000000707100000|  0%| F|  |TS 31|AC  0|TAMS 0x0000000707000000, 0x0000000707000000|
| 113|0x0000000707100000, 0x0000000707100000, 0x0000000707200000|  0%| F|  |TS 31|AC  0|TAMS 0x0000000707100000, 0x0000000707100000|
| 114|0x0000000707200000, 0x0000000707200000, 0x0000000707300000|  0%| F|  |TS 31|AC  0|TAMS 0x0000000707200000, 0x0000000707200000|
| 115|0x0000000707300000, 0x0000000707300000, 0x0000000707400000|  0%| F|  |TS 31|AC  0|TAMS 0x0000000707300000, 0x0000000707300000|
| 116|0x0000000707400000, 0x0000000707400000, 0x0000000707500000|  0%| F|  |TS 31|AC  0|TAMS 0x0000000707400000, 0x0000000707400000|
| 117|0x0000000707500000, 0x0000000707500000, 0x0000000707600000|  0%| F|  |TS 31|AC  0|TAMS 0x0000000707500000, 0x0000000707500000|
| 118|0x0000000707600000, 0x0000000707600000, 0x0000000707700000|  0%| F|  |TS 31|AC  0|TAMS 0x0000000707600000, 0x0000000707600000|
| 119|0x0000000707700000, 0x0000000707700000, 0x0000000707800000|  0%| F|  |TS 31|AC  0|TAMS 0x0000000707700000, 0x0000000707700000|
| 120|0x0000000707800000, 0x0000000707800000, 0x0000000707900000|  0%| F|  |TS 31|AC  0|TAMS 0x0000000707800000, 0x0000000707800000|
| 121|0x0000000707900000, 0x0000000707900000, 0x0000000707a00000|  0%| F|  |TS 31|AC  0|TAMS 0x0000000707900000, 0x0000000707900000|
| 122|0x0000000707a00000, 0x0000000707a00000, 0x0000000707b00000|  0%| F|  |TS 31|AC  0|TAMS 0x0000000707a00000, 0x0000000707a00000|
| 123|0x0000000707b00000, 0x0000000707b00000, 0x0000000707c00000|  0%| F|  |TS 31|AC  0|TAMS 0x0000000707b00000, 0x0000000707b00000|
| 124|0x0000000707c00000, 0x0000000707c00000, 0x0000000707d00000|  0%| F|  |TS 93|AC  0|TAMS 0x0000000707c00000, 0x0000000707c00000|
| 125|0x0000000707d00000, 0x0000000707d00000, 0x0000000707e00000|  0%| F|  |TS105|AC  0|TAMS 0x0000000707d00000, 0x0000000707d00000|
| 126|0x0000000707e00000, 0x0000000707e415e0, 0x0000000707f00000| 25%| S|CS|TS115|AC  0|TAMS 0x0000000707e00000, 0x0000000707e00000|
| 127|0x0000000707f00000, 0x0000000708000000, 0x0000000708000000|100%| S|CS|TS115|AC  0|TAMS 0x0000000707f00000, 0x0000000707f00000|
| 128|0x0000000708000000, 0x0000000708100000, 0x0000000708100000|100%| S|CS|TS115|AC  0|TAMS 0x0000000708000000, 0x0000000708000000|
| 129|0x0000000708100000, 0x0000000708100000, 0x0000000708200000|  0%| F|  |TS115|AC  0|TAMS 0x0000000708100000, 0x0000000708100000|
| 130|0x0000000708200000, 0x0000000708200000, 0x0000000708300000|  0%| F|  |TS115|AC  0|TAMS 0x0000000708200000, 0x0000000708200000|
| 131|0x0000000708300000, 0x0000000708300000, 0x0000000708400000|  0%| F|  |TS115|AC  0|TAMS 0x0000000708300000, 0x0000000708300000|
| 132|0x0000000708400000, 0x0000000708400000, 0x0000000708500000|  0%| F|  |TS115|AC  0|TAMS 0x0000000708400000, 0x0000000708400000|
| 133|0x0000000708500000, 0x0000000708500000, 0x0000000708600000|  0%| F|  |TS115|AC  0|TAMS 0x0000000708500000, 0x0000000708500000|
| 134|0x0000000708600000, 0x0000000708600000, 0x0000000708700000|  0%| F|  |TS115|AC  0|TAMS 0x0000000708600000, 0x0000000708600000|
| 135|0x0000000708700000, 0x0000000708700000, 0x0000000708800000|  0%| F|  |TS115|AC  0|TAMS 0x0000000708700000, 0x0000000708700000|
| 136|0x0000000708800000, 0x0000000708800000, 0x0000000708900000|  0%| F|  |TS115|AC  0|TAMS 0x0000000708800000, 0x0000000708800000|
| 137|0x0000000708900000, 0x0000000708900000, 0x0000000708a00000|  0%| F|  |TS115|AC  0|TAMS 0x0000000708900000, 0x0000000708900000|
| 138|0x0000000708a00000, 0x0000000708a00000, 0x0000000708b00000|  0%| F|  |TS115|AC  0|TAMS 0x0000000708a00000, 0x0000000708a00000|
| 139|0x0000000708b00000, 0x0000000708b00000, 0x0000000708c00000|  0%| F|  |TS115|AC  0|TAMS 0x0000000708b00000, 0x0000000708b00000|
| 140|0x0000000708c00000, 0x0000000708c00000, 0x0000000708d00000|  0%| F|  |TS115|AC  0|TAMS 0x0000000708c00000, 0x0000000708c00000|
| 141|0x0000000708d00000, 0x0000000708d00000, 0x0000000708e00000|  0%| F|  |TS115|AC  0|TAMS 0x0000000708d00000, 0x0000000708d00000|
| 142|0x0000000708e00000, 0x0000000708e00000, 0x0000000708f00000|  0%| F|  |TS115|AC  0|TAMS 0x0000000708e00000, 0x0000000708e00000|
| 143|0x0000000708f00000, 0x0000000708f00000, 0x0000000709000000|  0%| F|  |TS115|AC  0|TAMS 0x0000000708f00000, 0x0000000708f00000|
| 144|0x0000000709000000, 0x0000000709000000, 0x0000000709100000|  0%| F|  |TS115|AC  0|TAMS 0x0000000709000000, 0x0000000709000000|
| 145|0x0000000709100000, 0x0000000709100000, 0x0000000709200000|  0%| F|  |TS115|AC  0|TAMS 0x0000000709100000, 0x0000000709100000|
| 146|0x0000000709200000, 0x0000000709200000, 0x0000000709300000|  0%| F|  |TS115|AC  0|TAMS 0x0000000709200000, 0x0000000709200000|
| 147|0x0000000709300000, 0x0000000709300000, 0x0000000709400000|  0%| F|  |TS115|AC  0|TAMS 0x0000000709300000, 0x0000000709300000|
| 148|0x0000000709400000, 0x0000000709400000, 0x0000000709500000|  0%| F|  |TS115|AC  0|TAMS 0x0000000709400000, 0x0000000709400000|
| 149|0x0000000709500000, 0x0000000709500000, 0x0000000709600000|  0%| F|  |TS115|AC  0|TAMS 0x0000000709500000, 0x0000000709500000|
| 150|0x0000000709600000, 0x0000000709600000, 0x0000000709700000|  0%| F|  |TS115|AC  0|TAMS 0x0000000709600000, 0x0000000709600000|
| 151|0x0000000709700000, 0x0000000709700000, 0x0000000709800000|  0%| F|  |TS115|AC  0|TAMS 0x0000000709700000, 0x0000000709700000|
| 152|0x0000000709800000, 0x0000000709800000, 0x0000000709900000|  0%| F|  |TS115|AC  0|TAMS 0x0000000709800000, 0x0000000709800000|
| 153|0x0000000709900000, 0x0000000709900000, 0x0000000709a00000|  0%| F|  |TS115|AC  0|TAMS 0x0000000709900000, 0x0000000709900000|
| 154|0x0000000709a00000, 0x0000000709a00000, 0x0000000709b00000|  0%| F|  |TS115|AC  0|TAMS 0x0000000709a00000, 0x0000000709a00000|
| 155|0x0000000709b00000, 0x0000000709b00000, 0x0000000709c00000|  0%| F|  |TS115|AC  0|TAMS 0x0000000709b00000, 0x0000000709b00000|
| 156|0x0000000709c00000, 0x0000000709c00000, 0x0000000709d00000|  0%| F|  |TS115|AC  0|TAMS 0x0000000709c00000, 0x0000000709c00000|
| 157|0x0000000709d00000, 0x0000000709d00000, 0x0000000709e00000|  0%| F|  |TS115|AC  0|TAMS 0x0000000709d00000, 0x0000000709d00000|
| 158|0x0000000709e00000, 0x0000000709e00000, 0x0000000709f00000|  0%| F|  |TS115|AC  0|TAMS 0x0000000709e00000, 0x0000000709e00000|
| 159|0x0000000709f00000, 0x0000000709f00000, 0x000000070a000000|  0%| F|  |TS115|AC  0|TAMS 0x0000000709f00000, 0x0000000709f00000|
| 160|0x000000070a000000, 0x000000070a000000, 0x000000070a100000|  0%| F|  |TS115|AC  0|TAMS 0x000000070a000000, 0x000000070a000000|
| 161|0x000000070a100000, 0x000000070a100000, 0x000000070a200000|  0%| F|  |TS115|AC  0|TAMS 0x000000070a100000, 0x000000070a100000|
| 162|0x000000070a200000, 0x000000070a200000, 0x000000070a300000|  0%| F|  |TS115|AC  0|TAMS 0x000000070a200000, 0x000000070a200000|
| 163|0x000000070a300000, 0x000000070a300000, 0x000000070a400000|  0%| F|  |TS115|AC  0|TAMS 0x000000070a300000, 0x000000070a300000|
| 164|0x000000070a400000, 0x000000070a400000, 0x000000070a500000|  0%| F|  |TS115|AC  0|TAMS 0x000000070a400000, 0x000000070a400000|
| 165|0x000000070a500000, 0x000000070a500000, 0x000000070a600000|  0%| F|  |TS115|AC  0|TAMS 0x000000070a500000, 0x000000070a500000|
| 166|0x000000070a600000, 0x000000070a600000, 0x000000070a700000|  0%| F|  |TS115|AC  0|TAMS 0x000000070a600000, 0x000000070a600000|
| 167|0x000000070a700000, 0x000000070a700000, 0x000000070a800000|  0%| F|  |TS115|AC  0|TAMS 0x000000070a700000, 0x000000070a700000|
| 168|0x000000070a800000, 0x000000070a800000, 0x000000070a900000|  0%| F|  |TS115|AC  0|TAMS 0x000000070a800000, 0x000000070a800000|
| 169|0x000000070a900000, 0x000000070a900000, 0x000000070aa00000|  0%| F|  |TS115|AC  0|TAMS 0x000000070a900000, 0x000000070a900000|
| 170|0x000000070aa00000, 0x000000070aa00000, 0x000000070ab00000|  0%| F|  |TS115|AC  0|TAMS 0x000000070aa00000, 0x000000070aa00000|
| 171|0x000000070ab00000, 0x000000070ab00000, 0x000000070ac00000|  0%| F|  |TS115|AC  0|TAMS 0x000000070ab00000, 0x000000070ab00000|
| 172|0x000000070ac00000, 0x000000070ac00000, 0x000000070ad00000|  0%| F|  |TS115|AC  0|TAMS 0x000000070ac00000, 0x000000070ac00000|
| 173|0x000000070ad00000, 0x000000070ad00000, 0x000000070ae00000|  0%| F|  |TS115|AC  0|TAMS 0x000000070ad00000, 0x000000070ad00000|
| 174|0x000000070ae00000, 0x000000070ae00000, 0x000000070af00000|  0%| F|  |TS115|AC  0|TAMS 0x000000070ae00000, 0x000000070ae00000|
| 175|0x000000070af00000, 0x000000070af00000, 0x000000070b000000|  0%| F|  |TS115|AC  0|TAMS 0x000000070af00000, 0x000000070af00000|
| 176|0x000000070b000000, 0x000000070b000000, 0x000000070b100000|  0%| F|  |TS115|AC  0|TAMS 0x000000070b000000, 0x000000070b000000|
| 177|0x000000070b100000, 0x000000070b100000, 0x000000070b200000|  0%| F|  |TS115|AC  0|TAMS 0x000000070b100000, 0x000000070b100000|
| 178|0x000000070b200000, 0x000000070b200000, 0x000000070b300000|  0%| F|  |TS115|AC  0|TAMS 0x000000070b200000, 0x000000070b200000|
| 179|0x000000070b300000, 0x000000070b300000, 0x000000070b400000|  0%| F|  |TS115|AC  0|TAMS 0x000000070b300000, 0x000000070b300000|
| 180|0x000000070b400000, 0x000000070b4181c8, 0x000000070b500000|  9%| E|  |TS115|AC  0|TAMS 0x000000070b400000, 0x000000070b400000|
| 181|0x000000070b500000, 0x000000070b600000, 0x000000070b600000|100%| E|CS|TS115|AC  0|TAMS 0x000000070b500000, 0x000000070b500000|
| 182|0x000000070b600000, 0x000000070b700000, 0x000000070b700000|100%| E|CS|TS115|AC  0|TAMS 0x000000070b600000, 0x000000070b600000|
| 183|0x000000070b700000, 0x000000070b800000, 0x000000070b800000|100%| E|CS|TS115|AC  0|TAMS 0x000000070b700000, 0x000000070b700000|
| 184|0x000000070b800000, 0x000000070b900000, 0x000000070b900000|100%| E|CS|TS115|AC  0|TAMS 0x000000070b800000, 0x000000070b800000|
| 185|0x000000070b900000, 0x000000070ba00000, 0x000000070ba00000|100%| E|CS|TS115|AC  0|TAMS 0x000000070b900000, 0x000000070b900000|
| 186|0x000000070ba00000, 0x000000070bb00000, 0x000000070bb00000|100%| E|CS|TS115|AC  0|TAMS 0x000000070ba00000, 0x000000070ba00000|
| 187|0x000000070bb00000, 0x000000070bc00000, 0x000000070bc00000|100%| E|CS|TS115|AC  0|TAMS 0x000000070bb00000, 0x000000070bb00000|
| 188|0x000000070bc00000, 0x000000070bd00000, 0x000000070bd00000|100%| E|CS|TS115|AC  0|TAMS 0x000000070bc00000, 0x000000070bc00000|

Card table byte_map: [0x000001e8e0a30000,0x000001e8e1030000] byte_map_base: 0x000001e8dd230000

Marking Bits (Prev, Next): (CMBitMap*) 0x000001e8df802550, (CMBitMap*) 0x000001e8df802588
 Prev Bits: [0x000001e8fb090000, 0x000001e8fe090000)
 Next Bits: [0x000001e880000000, 0x000001e883000000)

Polling page: 0x000001e8d9460000

CodeHeap 'non-profiled nmethods': size=120064Kb used=17635Kb max_used=17635Kb free=102428Kb
 bounds [0x000001e8f3b50000, 0x000001e8f4c90000, 0x000001e8fb090000]
CodeHeap 'profiled nmethods': size=120000Kb used=42715Kb max_used=42715Kb free=77284Kb
 bounds [0x000001e8ec620000, 0x000001e8ef010000, 0x000001e8f3b50000]
CodeHeap 'non-nmethods': size=5696Kb used=1764Kb max_used=1810Kb free=3932Kb
 bounds [0x000001e8ec090000, 0x000001e8ec300000, 0x000001e8ec620000]
 total_blobs=27187 nmethods=15842 adapters=1095
 compilation: enabled

Compilation events (10 events):
Event: 1077.663 Thread 0x000001e8dfe28800 19194       3       javax.swing.JScrollPane::setCorner (256 bytes)
Event: 1077.665 Thread 0x000001e8dfe28800 nmethod 19194 0x000001e8eeffff90 code [0x000001e8ef0002c0, 0x000001e8ef001a40]
Event: 1077.694 Thread 0x000001e8dfe28800 19195       3       ui.data.aW::D (155 bytes)
Event: 1077.703 Thread 0x000001e8dfe28800 nmethod 19195 0x000001e8ef001e90 code [0x000001e8ef0025e0, 0x000001e8ef0074e0]
Event: 1077.743 Thread 0x000001e8dfe28800 19196       3       ui.views.V.a::eE (42 bytes)
Event: 1077.744 Thread 0x000001e8dfe28800 nmethod 19196 0x000001e8ef009010 code [0x000001e8ef009240, 0x000001e8ef009d80]
Event: 1077.744 Thread 0x000001e8dfe28800 19197       3       ui.project.r::epk (9 bytes)
Event: 1077.745 Thread 0x000001e8dfe28800 nmethod 19197 0x000001e8ef00a090 code [0x000001e8ef00a260, 0x000001e8ef00a490]
Event: 1077.745 Thread 0x000001e8dfe28800 19198       3       ui.project.F::e (10 bytes)
Event: 1077.745 Thread 0x000001e8dfe28800 nmethod 19198 0x000001e8ef00a590 code [0x000001e8ef00a740, 0x000001e8ef00a8f0]

GC Heap History (10 events):
Event: 1072.039 GC heap before
{Heap before GC invocations=114 (full 3):
 garbage-first heap   total 193536K, used 119650K [0x0000000700000000, 0x00000007001005e8, 0x00000007c0000000)
  region size 1024K, 60 young (61440K), 4 survivors (4096K)
 Metaspace       used 79384K, capacity 85093K, committed 85200K, reserved 1122304K
  class space    used 10970K, capacity 11987K, committed 12032K, reserved 1048576K
}
Event: 1072.054 GC heap after
{Heap after GC invocations=115 (full 3):
 garbage-first heap   total 193536K, used 61758K [0x0000000700000000, 0x00000007001005e8, 0x00000007c0000000)
  region size 1024K, 3 young (3072K), 3 survivors (3072K)
 Metaspace       used 79384K, capacity 85093K, committed 85200K, reserved 1122304K
  class space    used 10970K, capacity 11987K, committed 12032K, reserved 1048576K
}
Event: 1072.906 GC heap before
{Heap before GC invocations=115 (full 3):
 garbage-first heap   total 193536K, used 120126K [0x0000000700000000, 0x00000007001005e8, 0x00000007c0000000)
  region size 1024K, 60 young (61440K), 3 survivors (3072K)
 Metaspace       used 79418K, capacity 85221K, committed 85456K, reserved 1122304K
  class space    used 10970K, capacity 11987K, committed 12032K, reserved 1048576K
}
Event: 1072.917 GC heap after
{Heap after GC invocations=116 (full 3):
 garbage-first heap   total 193536K, used 62011K [0x0000000700000000, 0x00000007001005e8, 0x00000007c0000000)
  region size 1024K, 3 young (3072K), 3 survivors (3072K)
 Metaspace       used 79418K, capacity 85221K, committed 85456K, reserved 1122304K
  class space    used 10970K, capacity 11987K, committed 12032K, reserved 1048576K
}
Event: 1073.624 GC heap before
{Heap before GC invocations=116 (full 3):
 garbage-first heap   total 193536K, used 120379K [0x0000000700000000, 0x00000007001005e8, 0x00000007c0000000)
  region size 1024K, 60 young (61440K), 3 survivors (3072K)
 Metaspace       used 79429K, capacity 85221K, committed 85456K, reserved 1122304K
  class space    used 10970K, capacity 11987K, committed 12032K, reserved 1048576K
}
Event: 1073.638 GC heap after
{Heap after GC invocations=117 (full 3):
 garbage-first heap   total 193536K, used 62456K [0x0000000700000000, 0x00000007001005e8, 0x00000007c0000000)
  region size 1024K, 3 young (3072K), 3 survivors (3072K)
 Metaspace       used 79429K, capacity 85221K, committed 85456K, reserved 1122304K
  class space    used 10970K, capacity 11987K, committed 12032K, reserved 1048576K
}
Event: 1077.371 GC heap before
{Heap before GC invocations=117 (full 3):
 garbage-first heap   total 193536K, used 120824K [0x0000000700000000, 0x00000007001005e8, 0x00000007c0000000)
  region size 1024K, 60 young (61440K), 3 survivors (3072K)
 Metaspace       used 79445K, capacity 85221K, committed 85456K, reserved 1122304K
  class space    used 10970K, capacity 11987K, committed 12032K, reserved 1048576K
}
Event: 1077.383 GC heap after
{Heap after GC invocations=118 (full 3):
 garbage-first heap   total 193536K, used 62353K [0x0000000700000000, 0x00000007001005e8, 0x00000007c0000000)
  region size 1024K, 3 young (3072K), 3 survivors (3072K)
 Metaspace       used 79445K, capacity 85221K, committed 85456K, reserved 1122304K
  class space    used 10970K, capacity 11987K, committed 12032K, reserved 1048576K
}
Event: 1077.804 GC heap before
{Heap before GC invocations=118 (full 3):
 garbage-first heap   total 193536K, used 120721K [0x0000000700000000, 0x00000007001005e8, 0x00000007c0000000)
  region size 1024K, 60 young (61440K), 3 survivors (3072K)
 Metaspace       used 79453K, capacity 85221K, committed 85456K, reserved 1122304K
  class space    used 10970K, capacity 11987K, committed 12032K, reserved 1048576K
}
Event: 1077.822 GC heap after
{Heap after GC invocations=119 (full 3):
 garbage-first heap   total 193536K, used 61839K [0x0000000700000000, 0x00000007001005e8, 0x00000007c0000000)
  region size 1024K, 3 young (3072K), 3 survivors (3072K)
 Metaspace       used 79453K, capacity 85221K, committed 85456K, reserved 1122304K
  class space    used 10970K, capacity 11987K, committed 12032K, reserved 1048576K
}

Deoptimization events (10 events):
Event: 1028.416 Thread 0x000001e8ff67a000 Uncommon trap: reason=bimorphic_or_optimized_type_check action=maybe_recompile pc=0x000001e8f4ab32ac method=javax.swing.ToolTipManager.mouseMoved(Ljava/awt/event/MouseEvent;)V @ 33 c2
Event: 1039.837 Thread 0x000001e8ff67a000 Uncommon trap: reason=unstable_if action=reinterpret pc=0x000001e8f41c54c8 method=com.jidesoft.swing.JideSwingUtilities.layoutCompoundLabelImplHorizontal(Ljavax/swing/JComponent;Ljava/awt/FontMetrics;Ljava/lang/String;Ljavax/swing/Icon;IIIILjava/awt/Recta
Event: 1054.797 Thread 0x000001e8ff67a000 Uncommon trap: reason=unstable_if action=reinterpret pc=0x000001e8f47e6340 method=java.util.WeakHashMap.transfer([Ljava/util/WeakHashMap$Entry;[Ljava/util/WeakHashMap$Entry;)V @ 38 c2
Event: 1069.425 Thread 0x000001e8ff67a000 Uncommon trap: reason=bimorphic_or_optimized_type_check action=maybe_recompile pc=0x000001e8f45687d4 method=java.util.AbstractList.listIterator()Ljava/util/ListIterator; @ 2 c2
Event: 1069.425 Thread 0x000001e8ff67a000 Uncommon trap: reason=bimorphic_or_optimized_type_check action=maybe_recompile pc=0x000001e8f45687d4 method=java.util.AbstractList.listIterator()Ljava/util/ListIterator; @ 2 c2
Event: 1072.483 Thread 0x000001e8ff67a000 Uncommon trap: reason=bimorphic_or_optimized_type_check action=maybe_recompile pc=0x000001e8f45687d4 method=java.util.AbstractList.listIterator()Ljava/util/ListIterator; @ 2 c2
Event: 1072.483 Thread 0x000001e8ff67a000 Uncommon trap: reason=bimorphic_or_optimized_type_check action=maybe_recompile pc=0x000001e8f45687d4 method=java.util.AbstractList.listIterator()Ljava/util/ListIterator; @ 2 c2
Event: 1072.621 Thread 0x000001e8ff67a000 Uncommon trap: reason=bimorphic_or_optimized_type_check action=maybe_recompile pc=0x000001e8f439fc98 method=java.util.HashMap.removeNode(ILjava/lang/Object;Ljava/lang/Object;ZZ)Ljava/util/HashMap$Node; @ 68 c2
Event: 1072.621 Thread 0x000001e8ff67a000 Uncommon trap: reason=bimorphic_or_optimized_type_check action=maybe_recompile pc=0x000001e8f439fc98 method=java.util.HashMap.removeNode(ILjava/lang/Object;Ljava/lang/Object;ZZ)Ljava/util/HashMap$Node; @ 68 c2
Event: 1072.695 Thread 0x000001e8ff67a000 Uncommon trap: reason=unstable_if action=reinterpret pc=0x000001e8f4c3e698 method=ui.views.p.a.getTreeCellRendererComponent(Ljavax/swing/JTree;Ljava/lang/Object;ZZZIZ)Ljava/awt/Component; @ 817 c2

Classes redefined (0 events):
No events

Internal exceptions (10 events):
Event: 754.631 Thread 0x000001e8ff67a000 Exception <a 'java/lang/NoSuchMethodError'{0x0000000709f51250}: method resolution failed> (0x0000000709f51250) thrown at [t:/workspace/hotspot/src/share/vm/prims/methodHandles.cpp, line 1256]
Event: 754.632 Thread 0x000001e8ff67a000 Exception <a 'java/lang/NoSuchMethodError'{0x0000000709f57168}: java.lang.invoke.DirectMethodHandle$Holder.invokeStatic(Ljava/lang/Object;Ljava/lang/Object;ILjava/lang/Object;I)Ljava/lang/Object;> (0x0000000709f57168) thrown at [t:/workspace/hotspot/src/s
Event: 757.130 Thread 0x000001e8ff67a000 Exception <a 'java/lang/NoSuchMethodError'{0x000000070a580438}: method resolution failed> (0x000000070a580438) thrown at [t:/workspace/hotspot/src/share/vm/prims/methodHandles.cpp, line 1256]
Event: 841.756 Thread 0x000001e885af9000 Exception <a 'java/lang/NoSuchMethodError'{0x000000070b41ecc0}: java.lang.invoke.DirectMethodHandle$Holder.invokeSpecial(Ljava/lang/Object;Ljava/lang/Object;IILjava/lang/Object;JJ)Ljava/lang/Object;> (0x000000070b41ecc0) thrown at [t:/workspace/hotspot/sr
Event: 841.756 Thread 0x000001e885af9000 Exception <a 'java/lang/NoSuchMethodError'{0x000000070b422bf8}: java.lang.invoke.DelegatingMethodHandle$Holder.reinvoke_L(Ljava/lang/Object;IILjava/lang/Object;JJ)Ljava/lang/Object;> (0x000000070b422bf8) thrown at [t:/workspace/hotspot/src/share/vm/interp
Event: 841.758 Thread 0x000001e885af9000 Exception <a 'java/lang/NoSuchMethodError'{0x000000070b4440a0}: method resolution failed> (0x000000070b4440a0) thrown at [t:/workspace/hotspot/src/share/vm/prims/methodHandles.cpp, line 1256]
Event: 1018.876 Thread 0x000001e8ff67a000 Exception <a 'java/lang/NoSuchMethodError'{0x0000000709153d90}: method resolution failed> (0x0000000709153d90) thrown at [t:/workspace/hotspot/src/share/vm/prims/methodHandles.cpp, line 1256]
Event: 1033.413 Thread 0x000001e88b4fd000 Exception <a 'java/lang/InterruptedException'{0x000000070bb458f8}: sleep interrupted> (0x000000070bb458f8) thrown at [t:/workspace/hotspot/src/share/vm/prims/jvm.cpp, line 3023]
Event: 1039.657 Thread 0x000001e88b4fb000 Exception <a 'java/lang/InterruptedException'{0x000000070b981be0}: sleep interrupted> (0x000000070b981be0) thrown at [t:/workspace/hotspot/src/share/vm/prims/jvm.cpp, line 2984]
Event: 1077.648 Thread 0x000001e88b503000 Exception <a 'java/lang/InterruptedException'{0x000000070b2b1748}: sleep interrupted> (0x000000070b2b1748) thrown at [t:/workspace/hotspot/src/share/vm/prims/jvm.cpp, line 2984]

Events (10 events):
Event: 1077.371 Executing VM operation: G1IncCollectionPause
Event: 1077.383 Executing VM operation: G1IncCollectionPause done
Event: 1077.505 Thread 0x000001e88b4fd000 Thread added: 0x000001e88b4fd000
Event: 1077.648 Executing VM operation: RevokeBias
Event: 1077.648 Executing VM operation: RevokeBias done
Event: 1077.665 Thread 0x000001e88b4fd000 Thread exited: 0x000001e88b4fd000
Event: 1077.693 Executing VM operation: RevokeBias
Event: 1077.693 Executing VM operation: RevokeBias done
Event: 1077.804 Executing VM operation: G1IncCollectionPause
Event: 1077.822 Executing VM operation: G1IncCollectionPause done


Dynamic libraries:
0x00007ff6724a0000 - 0x00007ff6724d0000 	C:\Users\Gordoncrew\Desktop\xilinx\Vivado\2018.3\bin\unwrapped\win64.o\vivado.exe
0x00007ffcb2740000 - 0x00007ffcb2930000 	C:\WINDOWS\SYSTEM32\ntdll.dll
0x00007ffcb2020000 - 0x00007ffcb20d2000 	C:\WINDOWS\System32\KERNEL32.DLL
0x00007ffcaf6d0000 - 0x00007ffcaf973000 	C:\WINDOWS\System32\KERNELBASE.dll
0x00007ffcb04d0000 - 0x00007ffcb05ca000 	C:\WINDOWS\System32\ucrtbase.dll
0x00007ffca6430000 - 0x00007ffca6444000 	C:\Users\Gordoncrew\Desktop\xilinx\Vivado\2018.3\lib\win64.o\libboost_signals.dll
0x00007ffc87980000 - 0x00007ffc88814000 	C:\Users\Gordoncrew\Desktop\xilinx\Vivado\2018.3\lib\win64.o\librdi_common.dll
0x00007ffcb1920000 - 0x00007ffcb1ab4000 	C:\WINDOWS\System32\USER32.dll
0x00007ffca63f0000 - 0x00007ffca6404000 	C:\Users\Gordoncrew\Desktop\xilinx\Vivado\2018.3\lib\win64.o\librdi_commonmain.dll
0x00007ffcafb00000 - 0x00007ffcafb21000 	C:\WINDOWS\System32\win32u.dll
0x00007ffcb1ef0000 - 0x00007ffcb1f16000 	C:\WINDOWS\System32\GDI32.dll
0x00007ffcb0650000 - 0x00007ffcb07e4000 	C:\WINDOWS\System32\gdi32full.dll
0x00007ffcafa60000 - 0x00007ffcafafe000 	C:\WINDOWS\System32\msvcp_win.dll
0x00007ffc9e2c0000 - 0x00007ffc9e35c000 	C:\WINDOWS\SYSTEM32\MSVCP140.dll
0x00007ffcb1270000 - 0x00007ffcb1313000 	C:\WINDOWS\System32\ADVAPI32.dll
0x00007ffcb1ce0000 - 0x00007ffcb1d7e000 	C:\WINDOWS\System32\msvcrt.dll
0x00007ffcb11d0000 - 0x00007ffcb1267000 	C:\WINDOWS\System32\sechost.dll
0x00007ffc9f870000 - 0x00007ffc9f886000 	C:\WINDOWS\SYSTEM32\VCRUNTIME140.dll
0x00007ffcb0f70000 - 0x00007ffcb1090000 	C:\WINDOWS\System32\RPCRT4.dll
0x00007ffcb0800000 - 0x00007ffcb0ee5000 	C:\WINDOWS\System32\SHELL32.dll
0x00007ffcb05d0000 - 0x00007ffcb061a000 	C:\WINDOWS\System32\cfgmgr32.dll
0x00007ffcb1320000 - 0x00007ffcb13c9000 	C:\WINDOWS\System32\shcore.dll
0x00007ffcb13d0000 - 0x00007ffcb1706000 	C:\WINDOWS\System32\combase.dll
0x00007ffcaf9e0000 - 0x00007ffcafa60000 	C:\WINDOWS\System32\bcryptPrimitives.dll
0x00007ffcafb30000 - 0x00007ffcb02b0000 	C:\WINDOWS\System32\windows.storage.dll
0x00007ffc87610000 - 0x00007ffc8797e000 	C:\Users\Gordoncrew\Desktop\xilinx\Vivado\2018.3\lib\win64.o\libCOIN-all.dll
0x00007ffcaf610000 - 0x00007ffcaf633000 	C:\WINDOWS\System32\profapi.dll
0x00007ffcaf640000 - 0x00007ffcaf68a000 	C:\WINDOWS\System32\powrprof.dll
0x00007ffcaf600000 - 0x00007ffcaf610000 	C:\WINDOWS\System32\UMPDC.dll
0x00007ffcb2230000 - 0x00007ffcb2282000 	C:\WINDOWS\System32\shlwapi.dll
0x00007ffcaf6b0000 - 0x00007ffcaf6c1000 	C:\WINDOWS\System32\kernel.appcore.dll
0x00007ffc87350000 - 0x00007ffc87605000 	C:\Users\Gordoncrew\Desktop\xilinx\Vivado\2018.3\lib\win64.o\libXil_lmgr11.dll
0x00007ffcb0400000 - 0x00007ffcb0417000 	C:\WINDOWS\System32\cryptsp.dll
0x00007ffcb1f50000 - 0x00007ffcb2020000 	C:\WINDOWS\System32\COMDLG32.dll
0x00007ffcb2160000 - 0x00007ffcb2224000 	C:\WINDOWS\System32\OLEAUT32.dll
0x00007ffcb17c0000 - 0x00007ffcb1917000 	C:\WINDOWS\System32\ole32.dll
0x00007ffca6380000 - 0x00007ffca6394000 	C:\Users\Gordoncrew\Desktop\xilinx\Vivado\2018.3\lib\win64.o\libboost_date_time.dll
0x00007ffcb20e0000 - 0x00007ffcb214f000 	C:\WINDOWS\System32\WS2_32.dll
0x00007ffcaf980000 - 0x00007ffcaf9dc000 	C:\WINDOWS\System32\WINTRUST.dll
0x00007ffcaf690000 - 0x00007ffcaf6a2000 	C:\WINDOWS\System32\MSASN1.dll
0x00007ffcb02b0000 - 0x00007ffcb03f9000 	C:\WINDOWS\System32\CRYPT32.dll
0x00007ffca5830000 - 0x00007ffca5856000 	C:\Users\Gordoncrew\Desktop\xilinx\Vivado\2018.3\lib\win64.o\libboost_filesystem.dll
0x00007ffc9a1d0000 - 0x00007ffc9a24f000 	C:\Users\Gordoncrew\Desktop\xilinx\Vivado\2018.3\lib\win64.o\libboost_program_options.dll
0x00007ffc99f10000 - 0x00007ffc9a024000 	C:\Users\Gordoncrew\Desktop\xilinx\Vivado\2018.3\lib\win64.o\libboost_regex.dll
0x00007ffca6370000 - 0x00007ffca637b000 	C:\Users\Gordoncrew\Desktop\xilinx\Vivado\2018.3\lib\win64.o\libboost_system.dll
0x00007ffca5800000 - 0x00007ffca5821000 	C:\Users\Gordoncrew\Desktop\xilinx\Vivado\2018.3\lib\win64.o\libboost_thread.dll
0x00007ffca57f0000 - 0x00007ffca57ff000 	C:\Users\Gordoncrew\Desktop\xilinx\Vivado\2018.3\lib\win64.o\libboost_xilinx.dll
0x00007ffc99b00000 - 0x00007ffc99ba5000 	C:\Users\Gordoncrew\Desktop\xilinx\Vivado\2018.3\lib\win64.o\libhdxml.dll
0x00007ffc99a70000 - 0x00007ffc99af2000 	C:\Users\Gordoncrew\Desktop\xilinx\Vivado\2018.3\lib\win64.o\libhdlpsolve.dll
0x00007ffc7c390000 - 0x00007ffc7cbde600 	C:\Users\Gordoncrew\Desktop\xilinx\Vivado\2018.3\lib\win64.o\libisl_iostreams.dll
0x00007ffc9c220000 - 0x00007ffc9c24e000 	C:\Users\Gordoncrew\Desktop\xilinx\Vivado\2018.3\lib\win64.o\libisl_sysinfo.dll
0x00007ffc9a480000 - 0x00007ffc9a4e5000 	C:\Users\Gordoncrew\Desktop\xilinx\Vivado\2018.3\lib\win64.o\liblmx6.0.dll
0x00007ffca0cb0000 - 0x00007ffca0ccc000 	C:\Users\Gordoncrew\Desktop\xilinx\Vivado\2018.3\lib\win64.o\librdiconfig.dll
0x00007ffc9a3a0000 - 0x00007ffc9a3c1000 	C:\Users\Gordoncrew\Desktop\xilinx\Vivado\2018.3\lib\win64.o\librdizlib.dll
0x0000000059550000 - 0x000000005967b000 	C:\Users\Gordoncrew\Desktop\xilinx\Vivado\2018.3\lib\win64.o\tcl85t.dll
0x0000000012000000 - 0x0000000012272000 	C:\Users\Gordoncrew\Desktop\xilinx\Vivado\2018.3\lib\win64.o\xerces-c_3_1.dll
0x00007ffc98ec0000 - 0x00007ffc98fe1000 	C:\Users\Gordoncrew\Desktop\xilinx\Vivado\2018.3\lib\win64.o\librdi_commonxillic.dll
0x00007ffc9c770000 - 0x00007ffc9c77a000 	C:\Users\Gordoncrew\Desktop\xilinx\Vivado\2018.3\lib\win64.o\librdi_commonversion.dll
0x00007ffc9f760000 - 0x00007ffc9f777000 	C:\WINDOWS\SYSTEM32\NETAPI32.dll
0x00007ffc9d5e0000 - 0x00007ffc9dab5000 	C:\WINDOWS\SYSTEM32\WININET.dll
0x00007ffc9c200000 - 0x00007ffc9c21a000 	C:\Users\Gordoncrew\Desktop\xilinx\Vivado\2018.3\lib\win64.o\pthreadVC2.dll
0x00007ffca2610000 - 0x00007ffca2701000 	C:\WINDOWS\SYSTEM32\WINHTTP.dll
0x00007ffca6840000 - 0x00007ffca6a15000 	C:\WINDOWS\SYSTEM32\urlmon.dll
0x00007ffc9c8f0000 - 0x00007ffc9c8f9000 	C:\WINDOWS\SYSTEM32\WSOCK32.dll
0x00007ffc7a9a0000 - 0x00007ffc7b831000 	C:\Users\Gordoncrew\Desktop\xilinx\Vivado\2018.3\lib\win64.o\gurobi65.dll
0x00007ffc9a370000 - 0x00007ffc9a39e000 	C:\WINDOWS\SYSTEM32\VCOMP140.DLL
0x00007ffca3fb0000 - 0x00007ffca4059000 	C:\WINDOWS\WinSxS\amd64_microsoft.windows.common-controls_6595b64144ccf1df_5.82.18362.720_none_2a258974466b9fae\COMCTL32.dll
0x00007ffca6c20000 - 0x00007ffca6c3c000 	C:\WINDOWS\SYSTEM32\dhcpcsvc.DLL
0x00007ffcb07f0000 - 0x00007ffcb07f8000 	C:\WINDOWS\System32\NSI.dll
0x00007ffc9c600000 - 0x00007ffc9c60d000 	C:\Users\Gordoncrew\Desktop\xilinx\Vivado\2018.3\lib\win64.o\libboost_chrono.dll
0x00007ffc99ef0000 - 0x00007ffc99f0b000 	C:\Users\Gordoncrew\Desktop\xilinx\Vivado\2018.3\lib\win64.o\libboost_iostreams.dll
0x00007ffc99a40000 - 0x00007ffc99a65000 	C:\Users\Gordoncrew\Desktop\xilinx\Vivado\2018.3\lib\win64.o\libisl_iosutils.dll
0x00007ffca8000000 - 0x00007ffca82a6000 	C:\WINDOWS\SYSTEM32\iertutil.dll
0x00007ffcaeb60000 - 0x00007ffcaeb6c000 	C:\WINDOWS\SYSTEM32\NETUTILS.DLL
0x00007ffcaefe0000 - 0x00007ffcaefec000 	C:\WINDOWS\SYSTEM32\CRYPTBASE.DLL
0x00007ffcb1f20000 - 0x00007ffcb1f4e000 	C:\WINDOWS\System32\IMM32.DLL
0x00007ffc7a4a0000 - 0x00007ffc7a995000 	C:\Users\Gordoncrew\Desktop\xilinx\Vivado\2018.3\lib\win64.o\librdi_commontasks.dll
0x0000000058b20000 - 0x0000000059545000 	C:\Users\Gordoncrew\Desktop\xilinx\Vivado\2018.3\tps\win64\jre9.0.4\bin\server\jvm.dll
0x00007ffcb1b20000 - 0x00007ffcb1b28000 	C:\WINDOWS\System32\PSAPI.DLL
0x00007ffca6dd0000 - 0x00007ffca6dda000 	C:\WINDOWS\SYSTEM32\VERSION.dll
0x00007ffcac3d0000 - 0x00007ffcac3f4000 	C:\WINDOWS\SYSTEM32\WINMM.dll
0x00007ffc96ec0000 - 0x00007ffc96faf000 	C:\WINDOWS\SYSTEM32\MSVCR120.dll
0x00007ffcac3a0000 - 0x00007ffcac3cd000 	C:\WINDOWS\SYSTEM32\WINMMBASE.dll
0x00007ffc870d0000 - 0x00007ffc8734f000 	C:\Users\Gordoncrew\Desktop\xilinx\Vivado\2018.3\lib\win64.o\librdi_sio.dll
0x00007ffcaeb20000 - 0x00007ffcaeb5a000 	C:\WINDOWS\SYSTEM32\IPHLPAPI.DLL
0x00007ffcaee10000 - 0x00007ffcaee77000 	C:\WINDOWS\SYSTEM32\MSWSOCK.DLL
0x00007ffc780d0000 - 0x00007ffc7a492000 	C:\Users\Gordoncrew\Desktop\xilinx\Vivado\2018.3\lib\win64.o\librdi_tcltasks.dll
0x00007ffc86f50000 - 0x00007ffc870ce000 	C:\Users\Gordoncrew\Desktop\xilinx\Vivado\2018.3\lib\win64.o\librdi_board.dll
0x00007ffc99570000 - 0x00007ffc995da000 	C:\Users\Gordoncrew\Desktop\xilinx\Vivado\2018.3\lib\win64.o\librdi_boarddep.dll
0x00007ffc77cf0000 - 0x00007ffc780cc000 	C:\Users\Gordoncrew\Desktop\xilinx\Vivado\2018.3\lib\win64.o\librdi_bitstream.dll
0x00007ffc88f00000 - 0x00007ffc88fdc000 	C:\Users\Gordoncrew\Desktop\xilinx\Vivado\2018.3\lib\win64.o\librdi_chipscope.dll
0x00007ffc85220000 - 0x00007ffc853d9000 	C:\Users\Gordoncrew\Desktop\xilinx\Vivado\2018.3\lib\win64.o\librdi_chipscopeimpl.dll
0x00007ffc7fc80000 - 0x00007ffc7fdc8000 	C:\Users\Gordoncrew\Desktop\xilinx\Vivado\2018.3\lib\win64.o\librdi_containers.dll
0x00007ffc720e0000 - 0x00007ffc739e5000 	C:\Users\Gordoncrew\Desktop\xilinx\Vivado\2018.3\lib\win64.o\librdi_constraints.dll
0x00007ffc768a0000 - 0x00007ffc76f7a000 	C:\Users\Gordoncrew\Desktop\xilinx\Vivado\2018.3\lib\win64.o\librdi_coregenipxact.dll
0x00007ffc7c070000 - 0x00007ffc7c38b000 	C:\Users\Gordoncrew\Desktop\xilinx\Vivado\2018.3\lib\win64.o\librdi_dlyest.dll
0x00007ffc5b200000 - 0x00007ffc5b760000 	C:\Users\Gordoncrew\Desktop\xilinx\Vivado\2018.3\lib\win64.o\librdi_drc.dll
0x00007ffc6e2e0000 - 0x00007ffc720db000 	C:\Users\Gordoncrew\Desktop\xilinx\Vivado\2018.3\lib\win64.o\librdi_designutils.dll
0x00007ffc97250000 - 0x00007ffc97312000 	C:\Users\Gordoncrew\Desktop\xilinx\Vivado\2018.3\lib\win64.o\librdi_dsp.dll
0x00007ffc5abc0000 - 0x00007ffc5b1ff000 	C:\Users\Gordoncrew\Desktop\xilinx\Vivado\2018.3\lib\win64.o\librdi_filemgmt.dll
0x00007ffc5b760000 - 0x00007ffc5d57f000 	C:\Users\Gordoncrew\Desktop\xilinx\Vivado\2018.3\lib\win64.o\librdi_coregen.dll
0x00007ffc7bc40000 - 0x00007ffc7bf1a000 	C:\Users\Gordoncrew\Desktop\xilinx\Vivado\2018.3\lib\win64.o\librdi_guitools.dll
0x00007ffc96360000 - 0x00007ffc963bd000 	C:\Users\Gordoncrew\Desktop\xilinx\Vivado\2018.3\lib\win64.o\librdi_hdf.dll
0x00007ffc5a5a0000 - 0x00007ffc5abb5000 	C:\Users\Gordoncrew\Desktop\xilinx\Vivado\2018.3\lib\win64.o\librdi_memdata.dll
0x00007ffc94650000 - 0x00007ffc946c1000 	C:\Users\Gordoncrew\Desktop\xilinx\Vivado\2018.3\lib\win64.o\librdi_memoryarray.dll
0x00007ffc55210000 - 0x00007ffc5584b000 	C:\Users\Gordoncrew\Desktop\xilinx\Vivado\2018.3\lib\win64.o\librdi_netlist.dll
0x00007ffc5d580000 - 0x00007ffc6e2d2000 	C:\Users\Gordoncrew\Desktop\xilinx\Vivado\2018.3\lib\win64.o\librdi_device.dll
0x00007ffc55850000 - 0x00007ffc591fc000 	C:\Users\Gordoncrew\Desktop\xilinx\Vivado\2018.3\lib\win64.o\librdi_mig.dll
0x00007ffc94c40000 - 0x00007ffc94c90000 	C:\Users\Gordoncrew\Desktop\xilinx\Vivado\2018.3\lib\win64.o\librdi_pfi.dll
0x00007ffc74bc0000 - 0x00007ffc74ec7000 	C:\Users\Gordoncrew\Desktop\xilinx\Vivado\2018.3\lib\win64.o\librdi_platform.dll
0x00007ffc52090000 - 0x00007ffc525e6000 	C:\Users\Gordoncrew\Desktop\xilinx\Vivado\2018.3\lib\win64.o\librdi_project.dll
0x00007ffc59200000 - 0x00007ffc5a591000 	C:\Users\Gordoncrew\Desktop\xilinx\Vivado\2018.3\lib\win64.o\librdi_implflow.dll
0x00007ffc54b10000 - 0x00007ffc55205000 	C:\Users\Gordoncrew\Desktop\xilinx\Vivado\2018.3\lib\win64.o\librdi_power.dll
0x00007ffc51990000 - 0x00007ffc52083000 	C:\Users\Gordoncrew\Desktop\xilinx\Vivado\2018.3\lib\win64.o\librdi_psta.dll
0x00007ffc512b0000 - 0x00007ffc51989000 	C:\Users\Gordoncrew\Desktop\xilinx\Vivado\2018.3\lib\win64.o\librdi_rsb.dll
0x00007ffc86a70000 - 0x00007ffc86b48000 	C:\Users\Gordoncrew\Desktop\xilinx\Vivado\2018.3\lib\win64.o\librdi_runsbase.dll
0x00007ffc7f6d0000 - 0x00007ffc7f8f8000 	C:\Users\Gordoncrew\Desktop\xilinx\Vivado\2018.3\lib\win64.o\librdi_simdata.dll
0x00007ffc50ed0000 - 0x00007ffc512a7000 	C:\Users\Gordoncrew\Desktop\xilinx\Vivado\2018.3\lib\win64.o\librdi_runs.dll
0x00007ffc50140000 - 0x00007ffc50ecd000 	C:\Users\Gordoncrew\Desktop\xilinx\Vivado\2018.3\lib\win64.o\librdi_timing.dll
0x00007ffc525f0000 - 0x00007ffc54b04000 	C:\Users\Gordoncrew\Desktop\xilinx\Vivado\2018.3\lib\win64.o\librdi_place.dll
0x00007ffc7f310000 - 0x00007ffc7f464000 	C:\Users\Gordoncrew\Desktop\xilinx\Vivado\2018.3\lib\win64.o\librdi_advchipscopeimpl.dll
0x00007ffc94b20000 - 0x00007ffc94b6c000 	C:\Users\Gordoncrew\Desktop\xilinx\Vivado\2018.3\lib\win64.o\libboost_serialization.dll
0x00007ffc88ce0000 - 0x00007ffc88d98000 	C:\Users\Gordoncrew\Desktop\xilinx\Vivado\2018.3\lib\win64.o\librdi_hip_devdesign.dll
0x00007ffc836c0000 - 0x00007ffc8376b000 	C:\Users\Gordoncrew\Desktop\xilinx\Vivado\2018.3\lib\win64.o\librdi_ipconfig_readwrite.dll
0x00007ffc99530000 - 0x00007ffc99568000 	C:\Users\Gordoncrew\Desktop\xilinx\Vivado\2018.3\lib\win64.o\librdi_noc_frameworks.dll
0x00007ffc82aa0000 - 0x00007ffc82b3e000 	C:\Users\Gordoncrew\Desktop\xilinx\Vivado\2018.3\lib\win64.o\libise.dll
0x00007ffc4fd80000 - 0x00007ffc50135000 	C:\Users\Gordoncrew\Desktop\xilinx\Vivado\2018.3\lib\win64.o\librdi_hip_config.dll
0x00007ffc4f830000 - 0x00007ffc4fd7e000 	C:\Users\Gordoncrew\Desktop\xilinx\Vivado\2018.3\lib\win64.o\librdi_xdm.dll

VM Arguments:
jvm_args: -Dsun.java2d.pmoffscreen=false -Dsun.java2d.xrender=false -Dsun.java2d.d3d=false -Dsun.awt.nopixfmt=true -Dsun.java2d.dpiaware=true -Dsun.java2d.uiScale.enabled=false -Xverify:none -Dswing.aatext=true -XX:-UsePerfData -Djdk.map.althashing.threshold=512 -XX:StringTableSize=4072 --add-opens=java.base/java.nio=ALL-UNNAMED --add-opens=java.desktop/sun.swing=ALL-UNNAMED --add-opens=java.desktop/javax.swing=ALL-UNNAMED --add-opens=java.desktop/javax.swing.tree=ALL-UNNAMED --add-opens=java.desktop/javax.swing.plaf.basic=ALL-UNNAMED --add-opens=java.desktop/javax.swing.plaf.synth=ALL-UNNAMED --add-opens=java.desktop/com.sun.awt=ALL-UNNAMED -XX:NewSize=60m -XX:MaxNewSize=60m -Xms128m -Xmx3072m -Xss5m 
java_command: <unknown>
java_class_path (initial): C:/Users/Gordoncrew/Desktop/xilinx/Vivado/2018.3\lib\classes\alloy.jar;C:/Users/Gordoncrew/Desktop/xilinx/Vivado/2018.3\lib\classes\autopilot.scelaborator.jar;C:/Users/Gordoncrew/Desktop/xilinx/Vivado/2018.3\lib\classes\autopilot.sourceprocessor.jar;C:/Users/Gordoncrew/Desktop/xilinx/Vivado/2018.3\lib\classes\autopilot.tbprocessor.jar;C:/Users/Gordoncrew/Desktop/xilinx/Vivado/2018.3\lib\classes\batik-anim.jar;C:/Users/Gordoncrew/Desktop/xilinx/Vivado/2018.3\lib\classes\batik-awt-util.jar;C:/Users/Gordoncrew/Desktop/xilinx/Vivado/2018.3\lib\classes\batik-bridge.jar;C:/Users/Gordoncrew/Desktop/xilinx/Vivado/2018.3\lib\classes\batik-codec.jar;C:/Users/Gordoncrew/Desktop/xilinx/Vivado/2018.3\lib\classes\batik-css.jar;C:/Users/Gordoncrew/Desktop/xilinx/Vivado/2018.3\lib\classes\batik-dom.jar;C:/Users/Gordoncrew/Desktop/xilinx/Vivado/2018.3\lib\classes\batik-ext.jar;C:/Users/Gordoncrew/Desktop/xilinx/Vivado/2018.3\lib\classes\batik-gui-util.jar;C:/Users/Gordoncrew/Desktop/xilinx/Vivado/2018.3\lib\classes\batik-gvt.jar;C:/Users/Gordoncrew/Desktop/xilinx/Vivado/2018.3\lib\classes\batik-parser.jar;C:/Users/Gordoncrew/Desktop/xilinx/Vivado/2018.3\lib\classes\batik-script.jar;C:/Users/Gordoncrew/Desktop/xilinx/Vivado/2018.3\lib\classes\batik-svg-dom.jar;C:/Users/Gordoncrew/Desktop/xilinx/Vivado/2018.3\lib\classes\batik-swing.jar;C:/Users/Gordoncrew/Desktop/xilinx/Vivado/2018.3\lib\classes\batik-transcoder.jar;C:/Users/Gordoncrew/Desktop/xilinx/Vivado/2018.3\lib\classes\batik-util.jar;C:/Users/Gordoncrew/Desktop/xilinx/Vivado/2018.3\lib\classes\batik-xml.jar;C:/Users/Gordoncrew/Desktop/xilinx/Vivado/2018.3\lib\classes\com.ibm.icu_4.4.2.v20110208.jar;C:/Users/Gordoncrew/Desktop/xilinx/Vivado/2018.3\lib\classes\commons-collections4-4.1.jar;C:/Users/Gordoncrew/Desktop/xilinx/Vivado/2018.3\lib\classes\commons-math-2.2.jar;C:/Users/Gordoncrew/Desktop/xilinx/Vivado/2018.3\lib\classes\dom4j-1.6.1.jar;C:/Users/Gordoncrew/Desktop/xilinx/Vivado/2018.3\lib\cla
Launcher Type: generic

Logging:
Log output configuration:
#0: stdout all=warning uptime,level,tags
#1: stderr all=off uptime,level,tags

Environment Variables:
PATH=C:/Users/Gordoncrew/Desktop/xilinx/Vivado/2018.3/bin;C:/Users/Gordoncrew/Desktop/xilinx/Vivado/2018.3/lib/win64.o;C:/Users/Gordoncrew/Desktop/xilinx/Vivado/2018.3/tps/win64/jre9.0.4/bin/server;C:/Users/Gordoncrew/Desktop/xilinx/Vivado/2018.3/tps/win64/jre9.0.4/bin;C:/Users/Gordoncrew/Desktop/xilinx/Vivado/2018.3/ids_lite/ISE/bin/nt64;C:/Users/Gordoncrew/Desktop/xilinx/Vivado/2018.3/ids_lite/ISE/lib/nt64;C:\WINDOWS\system32;C:\WINDOWS;C:\WINDOWS\System32\Wbem;C:\WINDOWS\System32\WindowsPowerShell\v1.0\;C:\Program Files\Internet Explorer;C:\Program Files (x86)\QuickTime\QTSystem\;C:\WINDOWS\System32\OpenSSH\;C:\Users\Gordoncrew\AppData\Local\Microsoft\WindowsApps;C:\Users\Gordoncrew\AppData\Local\GitHubDesktop\bin;C:\Users\Gordoncrew\AppData\Local\Programs\MiKTeX 2.9\miktex\bin\x64\;%USERPROFILE%\AppData\Local\Microsoft\WindowsApps;;C:/Users/Gordoncrew/Desktop/xilinx/Vivado/2018.3\tps\mingw\6.2.0\win64.o\nt\bin;C:/Users/Gordoncrew/Desktop/xilinx/Vivado/2018.3\tps\mingw\6.2.0\win64.o\nt\libexec\gcc\x86_64-w64-mingw32\6.2.0
USERNAME=Gordoncrew
OS=Windows_NT
PROCESSOR_IDENTIFIER=AMD64 Family 16 Model 5 Stepping 2, AuthenticAMD



---------------  S Y S T E M  ---------------

OS: Windows 10 , 64 bit Build 18362 (10.0.18362.329)

CPU:total 4 (initial active 4) (4 cores per cpu, 1 threads per core) family 16 model 5 stepping 2, cmov, cx8, fxsr, mmx, sse, sse2, sse3, popcnt, mmxext, 3dnowpref, lzcnt, sse4a, tsc, tscinvbit, tscinv

Memory: 4k page, physical 8125676k(3430760k free), swap 16252140k(11681660k free)

vm_info: Java HotSpot(TM) 64-Bit Server VM (9.0.4+11) for windows-amd64 JRE (9.0.4+11), built on Dec 20 2017 02:18:54 by "mach5one" with MS VC++ 12.0 (VS2013)

END.
