#-----------------------------------------------------------
# Vivado v2018.3 (64-bit)
# SW Build 2405991 on Thu Dec  6 23:38:27 MST 2018
# IP Build 2404404 on Fri Dec  7 01:43:56 MST 2018
# Start of session at: Wed Mar  4 22:47:01 2020
# Process ID: 14084
# Current directory: C:/Users/LACKEY/Documents/GitHub/DL202010_GMLA/Lab07
# Command line: vivado.exe -gui_launcher_event rodinguilauncherevent4128 C:\Users\LACKEY\Documents\GitHub\DL202010_GMLA\Lab07\MyLab7.xpr
# Log file: C:/Users/LACKEY/Documents/GitHub/DL202010_GMLA/Lab07/vivado.log
# Journal file: C:/Users/LACKEY/Documents/GitHub/DL202010_GMLA/Lab07\vivado.jou
#-----------------------------------------------------------
start_guioopen_project C:/Users/LACKEY/Documents/GitHub/DL202010_GMLA/Lab07/MyLab7.xpr
CRITICAL WARNING: [Project 1-19] Could not find the file 'C:/Users/LACKEY/Documents/GitHub/DL202010_GMLA/Lab_07/Lab_07.srcs/sources_1/new/add3.sv'.
CRITICAL WARNING: [Project 1-19] Could not find the file 'C:/Users/LACKEY/Documents/GitHub/DL202010_GMLA/Lab_07/Lab_07.srcs/sources_1/new/bcd11.sv'.
CRITICAL WARNING: [Project 1-19] Could not find the file 'C:/Users/LACKEY/Documents/GitHub/DL202010_GMLA/Lab_07/Lab_07.srcs/sources_1/new/mux2_4b.sv'.
CRITICAL WARNING: [Project 1-19] Could not find the file 'C:/Users/LACKEY/Documents/GitHub/DL202010_GMLA/Lab_07/Lab_07.srcs/sources_1/new/sseg_decoder.sv'.
CRITICAL WARNING: [Project 1-19] Could not find the file 'C:/Users/LACKEY/Documents/GitHub/DL202010_GMLA/Lab_07/Lab_07.srcs/sources_1/new/sseg1_BCD.sv'.
CRITICAL WARNING: [Project 1-19] Could not find the file 'C:/Users/LACKEY/Documents/GitHub/DL202010_GMLA/Lab_07/Lab_07.srcs/sources_1/new/6_bit_BCD.sv'.
CRITICAL WARNING: [Project 1-19] Could not find the file 'C:/Users/LACKEY/Documents/GitHub/DL202010_GMLA/Lab_07/sseg.xdc'.
CRITICAL WARNING: [Project 1-19] Could not find the file 'C:/Users/LACKEY/Documents/GitHub/DL202010_GMLA/Lab_07/switches.xdc'.
Scanning sources...
Finished scanning sources
INFO: [IP_Flow 19-234] Refreshing IP repositories
INFO: [IP_Flow 19-1704] No user IP repositories specified
INFO: [IP_Flow 19-2313] Loaded Vivado IP repository 'C:/XilinxVivado/Vivado/2018.3/data/ip'.
open_project: Time (s): cpu = 00:00:15 ; elapsed = 00:00:07 . Memory (MB): peak = 703.543 ; gain = 118.578
update_compile_order -fileset sources_1exit
INFO: [Common 17-206] Exiting Vivado at Wed Mar  4 22:51:49 2020...

