#-----------------------------------------------------------
# Vivado v2018.3 (64-bit)
# SW Build 2405991 on Thu Dec  6 23:38:27 MST 2018
# IP Build 2404404 on Fri Dec  7 01:43:56 MST 2018
# Start of session at: Tue Apr 14 11:23:58 2020
# Process ID: 5976
# Current directory: C:/Users/Gordoncrew/Documents/GitHub/DL202010_GMLA/Lab08
# Command line: vivado.exe -gui_launcher_event rodinguilauncherevent9240 C:\Users\Gordoncrew\Documents\GitHub\DL202010_GMLA\Lab08\Lab08.xpr
# Log file: C:/Users/Gordoncrew/Documents/GitHub/DL202010_GMLA/Lab08/vivado.log
# Journal file: C:/Users/Gordoncrew/Documents/GitHub/DL202010_GMLA/Lab08\vivado.jou
#-----------------------------------------------------------
start_gui
open_project C:/Users/Gordoncrew/Documents/GitHub/DL202010_GMLA/Lab08/Lab08.xpr
INFO: [Project 1-313] Project file moved from 'C:/Users/anlac/OneDrive/Documents/GitHub/DL202010_GMLA/Lab08' since last save.
CRITICAL WARNING: [Project 1-311] Could not find the file 'C:/Users/Gordoncrew/Documents/GitHub/DL202010_JCLA/Lab06/Lab06/Lab06.srcs/sources_1/new/sseg_decoder.sv', nor could it be found using path 'C:/Users/anlac/OneDrive/Documents/GitHub/DL202010_JCLA/Lab06/Lab06/Lab06.srcs/sources_1/new/sseg_decoder.sv'.
SScanning sources...FFinished scanning sourcesIINFO: [IP_Flow 19-234] Refreshing IP repositories
INFO: [IP_Flow 19-1704] No user IP repositories specifiedIINFO: [IP_Flow 19-2313] Loaded Vivado IP repository 'C:/Users/Gordoncrew/Desktop/xilinx/Vivado/2018.3/data/ip'.oopen_project: Time (s): cpu = 00:00:36 ; elapsed = 00:00:30 . Memory (MB): peak = 670.465 ; gain = 116.72upupdate_compile_order -fileset sources_imexit
INFO: [Common 17-206] Exiting Vivado at Tue Apr 14 11:27:51 2020...
n/Lab10/Lab10.srcs/sources_1/new/sseg_decoder.sv
update_compile_order -fileset sources_1
exit
INFO: [Common 17-206] Exiting Vivado at Tue Apr 14 11:28:07 2020...
