#-----------------------------------------------------------
# Vivado v2018.3 (64-bit)
# SW Build 2405991 on Thu Dec  6 23:38:27 MST 2018
# IP Build 2404404 on Fri Dec  7 01:43:56 MST 2018
# Start of session at: Sat Apr  4 14:34:58 2020
# Process ID: 2132
# Current directory: C:/Users/Gordoncrew/Documents/GitHub/DL202010_Gordon/Lab09/lab09
# Command line: vivado.exe -gui_launcher_event rodinguilauncherevent6196 C:\Users\Gordoncrew\Documents\GitHub\DL202010_Gordon\Lab09\lab09\lab09.xpr
# Log file: C:/Users/Gordoncrew/Documents/GitHub/DL202010_Gordon/Lab09/lab09/vivado.log
# Journal file: C:/Users/Gordoncrew/Documents/GitHub/DL202010_Gordon/Lab09/lab09\vivado.jou
#-----------------------------------------------------------
start_gui
open_project C:/Users/Gordoncrew/Documents/GitHub/DL202010_Gordon/Lab09/lab09/lab09.xpr
INFO: [Project 1-313] Project file moved from 'C:/Users/Gordoncrew/Desktop/lab09' since last save.
Scanning sources...
Finished scanning sources
INFO: [IP_Flow 19-234] Refreshing IP repositories
INFO: [IP_Flow 19-1704] No user IP repositories specified
INFO: [IP_Flow 19-2313] Loaded Vivado IP repository 'C:/Users/Gordoncrew/Desktop/xilinx/Vivado/2018.3/data/ip'.
open_project: Time (s): cpu = 00:00:29 ; elapsed = 00:00:16 . Memory (MB): peak = 659.047 ; gain = 108.574
update_compile_order -fileset sources_1
exit
INFO: [Common 17-206] Exiting Vivado at Sat Apr  4 14:47:53 2020...
